mode: atomic
github.com/siyul-park/uniflow/plugin/pkg/systemx/builder.go:10.71,11.38 1 1
github.com/siyul-park/uniflow/plugin/pkg/systemx/builder.go:11.38,13.105 2 1
github.com/siyul-park/uniflow/plugin/pkg/systemx/builder.go:13.105,18.4 1 0
github.com/siyul-park/uniflow/plugin/pkg/systemx/builder.go:20.3,20.13 1 1
github.com/siyul-park/uniflow/plugin/pkg/systemx/reflect.go:51.60,62.2 5 10
github.com/siyul-park/uniflow/plugin/pkg/systemx/reflect.go:64.108,66.12 2 4
github.com/siyul-park/uniflow/plugin/pkg/systemx/reflect.go:66.12,69.3 2 4
github.com/siyul-park/uniflow/plugin/pkg/systemx/reflect.go:71.2,75.45 4 4
github.com/siyul-park/uniflow/plugin/pkg/systemx/reflect.go:75.45,78.3 2 4
github.com/siyul-park/uniflow/plugin/pkg/systemx/reflect.go:78.8,78.54 1 0
github.com/siyul-park/uniflow/plugin/pkg/systemx/reflect.go:78.54,79.32 1 0
github.com/siyul-park/uniflow/plugin/pkg/systemx/reflect.go:79.32,80.46 1 0
github.com/siyul-park/uniflow/plugin/pkg/systemx/reflect.go:80.46,82.5 1 0
github.com/siyul-park/uniflow/plugin/pkg/systemx/reflect.go:86.2,86.14 1 4
github.com/siyul-park/uniflow/plugin/pkg/systemx/reflect.go:87.16,89.17 2 1
github.com/siyul-park/uniflow/plugin/pkg/systemx/reflect.go:89.17,91.4 1 0
github.com/siyul-park/uniflow/plugin/pkg/systemx/reflect.go:93.3,94.17 2 1
github.com/siyul-park/uniflow/plugin/pkg/systemx/reflect.go:94.17,96.4 1 0
github.com/siyul-park/uniflow/plugin/pkg/systemx/reflect.go:98.3,99.30 2 1
github.com/siyul-park/uniflow/plugin/pkg/systemx/reflect.go:99.30,101.4 1 1
github.com/siyul-park/uniflow/plugin/pkg/systemx/reflect.go:103.3,103.105 1 1
github.com/siyul-park/uniflow/plugin/pkg/systemx/reflect.go:103.105,105.4 1 0
github.com/siyul-park/uniflow/plugin/pkg/systemx/reflect.go:107.3,107.22 1 1
github.com/siyul-park/uniflow/plugin/pkg/systemx/reflect.go:107.22,109.4 1 0
github.com/siyul-park/uniflow/plugin/pkg/systemx/reflect.go:110.3,110.67 1 1
github.com/siyul-park/uniflow/plugin/pkg/systemx/reflect.go:110.67,112.4 1 0
github.com/siyul-park/uniflow/plugin/pkg/systemx/reflect.go:112.9,114.4 1 1
github.com/siyul-park/uniflow/plugin/pkg/systemx/reflect.go:115.16,119.17 3 1
github.com/siyul-park/uniflow/plugin/pkg/systemx/reflect.go:119.17,121.4 1 0
github.com/siyul-park/uniflow/plugin/pkg/systemx/reflect.go:123.3,126.17 2 1
github.com/siyul-park/uniflow/plugin/pkg/systemx/reflect.go:126.17,128.4 1 0
github.com/siyul-park/uniflow/plugin/pkg/systemx/reflect.go:130.3,130.22 1 1
github.com/siyul-park/uniflow/plugin/pkg/systemx/reflect.go:130.22,132.4 1 0
github.com/siyul-park/uniflow/plugin/pkg/systemx/reflect.go:133.3,133.67 1 1
github.com/siyul-park/uniflow/plugin/pkg/systemx/reflect.go:133.67,135.4 1 0
github.com/siyul-park/uniflow/plugin/pkg/systemx/reflect.go:135.9,137.4 1 1
github.com/siyul-park/uniflow/plugin/pkg/systemx/reflect.go:138.16,140.17 2 1
github.com/siyul-park/uniflow/plugin/pkg/systemx/reflect.go:140.17,142.4 1 0
github.com/siyul-park/uniflow/plugin/pkg/systemx/reflect.go:144.3,145.17 2 1
github.com/siyul-park/uniflow/plugin/pkg/systemx/reflect.go:145.17,147.4 1 0
github.com/siyul-park/uniflow/plugin/pkg/systemx/reflect.go:149.3,149.22 1 1
github.com/siyul-park/uniflow/plugin/pkg/systemx/reflect.go:149.22,151.4 1 0
github.com/siyul-park/uniflow/plugin/pkg/systemx/reflect.go:152.3,152.67 1 1
github.com/siyul-park/uniflow/plugin/pkg/systemx/reflect.go:152.67,154.4 1 0
github.com/siyul-park/uniflow/plugin/pkg/systemx/reflect.go:154.9,156.4 1 1
github.com/siyul-park/uniflow/plugin/pkg/systemx/reflect.go:157.16,162.30 4 1
github.com/siyul-park/uniflow/plugin/pkg/systemx/reflect.go:162.30,165.27 2 1
github.com/siyul-park/uniflow/plugin/pkg/systemx/reflect.go:165.27,168.5 2 1
github.com/siyul-park/uniflow/plugin/pkg/systemx/reflect.go:171.3,174.17 2 1
github.com/siyul-park/uniflow/plugin/pkg/systemx/reflect.go:174.17,176.4 1 0
github.com/siyul-park/uniflow/plugin/pkg/systemx/reflect.go:178.3,179.30 2 1
github.com/siyul-park/uniflow/plugin/pkg/systemx/reflect.go:179.30,181.53 2 1
github.com/siyul-park/uniflow/plugin/pkg/systemx/reflect.go:181.53,183.5 1 0
github.com/siyul-park/uniflow/plugin/pkg/systemx/reflect.go:185.4,188.35 3 1
github.com/siyul-park/uniflow/plugin/pkg/systemx/reflect.go:188.35,190.5 1 2
github.com/siyul-park/uniflow/plugin/pkg/systemx/reflect.go:192.4,192.56 1 1
github.com/siyul-park/uniflow/plugin/pkg/systemx/reflect.go:195.3,195.62 1 1
github.com/siyul-park/uniflow/plugin/pkg/systemx/reflect.go:195.62,197.4 1 0
github.com/siyul-park/uniflow/plugin/pkg/systemx/reflect.go:199.3,202.17 2 1
github.com/siyul-park/uniflow/plugin/pkg/systemx/reflect.go:202.17,204.4 1 0
github.com/siyul-park/uniflow/plugin/pkg/systemx/reflect.go:206.3,206.22 1 1
github.com/siyul-park/uniflow/plugin/pkg/systemx/reflect.go:206.22,208.4 1 0
github.com/siyul-park/uniflow/plugin/pkg/systemx/reflect.go:209.3,209.67 1 1
github.com/siyul-park/uniflow/plugin/pkg/systemx/reflect.go:209.67,211.4 1 0
github.com/siyul-park/uniflow/plugin/pkg/systemx/reflect.go:211.9,213.4 1 1
github.com/siyul-park/uniflow/plugin/pkg/systemx/reflect.go:216.2,216.19 1 0
github.com/siyul-park/uniflow/plugin/pkg/systemx/reflect.go:219.75,221.35 2 2
github.com/siyul-park/uniflow/plugin/pkg/systemx/reflect.go:221.35,226.55 4 2
github.com/siyul-park/uniflow/plugin/pkg/systemx/reflect.go:226.55,228.4 1 0
github.com/siyul-park/uniflow/plugin/pkg/systemx/reflect.go:230.3,230.31 1 2
github.com/siyul-park/uniflow/plugin/pkg/systemx/reflect.go:230.31,232.4 1 2
github.com/siyul-park/uniflow/plugin/pkg/systemx/reflect.go:233.3,233.22 1 2
github.com/siyul-park/uniflow/plugin/pkg/systemx/reflect.go:233.22,235.4 1 0
github.com/siyul-park/uniflow/plugin/pkg/systemx/reflect.go:236.3,236.22 1 2
github.com/siyul-park/uniflow/plugin/pkg/systemx/reflect.go:236.22,238.4 1 0
github.com/siyul-park/uniflow/plugin/pkg/systemx/reflect.go:239.3,239.27 1 2
github.com/siyul-park/uniflow/plugin/pkg/systemx/reflect.go:239.27,241.4 1 0
github.com/siyul-park/uniflow/plugin/pkg/systemx/reflect.go:243.3,243.27 1 2
github.com/siyul-park/uniflow/plugin/pkg/systemx/reflect.go:246.2,246.20 1 2
github.com/siyul-park/uniflow/plugin/pkg/systemx/reflect.go:249.63,251.35 2 2
github.com/siyul-park/uniflow/plugin/pkg/systemx/reflect.go:251.35,254.3 2 2
github.com/siyul-park/uniflow/plugin/pkg/systemx/reflect.go:255.2,255.14 1 2
github.com/siyul-park/uniflow/plugin/pkg/systemx/reflect.go:258.80,259.29 1 4
github.com/siyul-park/uniflow/plugin/pkg/systemx/reflect.go:259.29,261.3 1 0
github.com/siyul-park/uniflow/plugin/pkg/systemx/reflect.go:261.8,263.3 1 4
