mode: atomic
github.com/siyul-park/uniflow/pkg/database/collection.go:70.66,71.23 1 1
github.com/siyul-park/uniflow/pkg/database/collection.go:71.23,73.3 1 0
github.com/siyul-park/uniflow/pkg/database/collection.go:74.2,75.31 2 1
github.com/siyul-park/uniflow/pkg/database/collection.go:75.31,76.18 1 3
github.com/siyul-park/uniflow/pkg/database/collection.go:76.18,77.12 1 1
github.com/siyul-park/uniflow/pkg/database/collection.go:79.3,79.25 1 2
github.com/siyul-park/uniflow/pkg/database/collection.go:79.25,81.4 1 1
github.com/siyul-park/uniflow/pkg/database/collection.go:83.2,83.12 1 1
github.com/siyul-park/uniflow/pkg/database/collection.go:87.60,88.23 1 1
github.com/siyul-park/uniflow/pkg/database/collection.go:88.23,90.3 1 0
github.com/siyul-park/uniflow/pkg/database/collection.go:91.2,92.31 2 1
github.com/siyul-park/uniflow/pkg/database/collection.go:92.31,93.18 1 4
github.com/siyul-park/uniflow/pkg/database/collection.go:93.18,94.12 1 1
github.com/siyul-park/uniflow/pkg/database/collection.go:96.3,96.24 1 3
github.com/siyul-park/uniflow/pkg/database/collection.go:96.24,98.4 1 1
github.com/siyul-park/uniflow/pkg/database/collection.go:99.3,99.23 1 3
github.com/siyul-park/uniflow/pkg/database/collection.go:99.23,101.4 1 1
github.com/siyul-park/uniflow/pkg/database/collection.go:102.3,102.24 1 3
github.com/siyul-park/uniflow/pkg/database/collection.go:102.24,104.4 1 1
github.com/siyul-park/uniflow/pkg/database/collection.go:106.2,106.12 1 1
github.com/siyul-park/uniflow/pkg/database/filter.go:43.38,47.2 1 50
github.com/siyul-park/uniflow/pkg/database/filter.go:50.59,56.2 1 22
github.com/siyul-park/uniflow/pkg/database/filter.go:59.59,65.2 1 5
github.com/siyul-park/uniflow/pkg/database/filter.go:68.59,74.2 1 3
github.com/siyul-park/uniflow/pkg/database/filter.go:77.60,83.2 1 3
github.com/siyul-park/uniflow/pkg/database/filter.go:86.59,92.2 1 3
github.com/siyul-park/uniflow/pkg/database/filter.go:95.60,101.2 1 3
github.com/siyul-park/uniflow/pkg/database/filter.go:104.62,110.2 1 3
github.com/siyul-park/uniflow/pkg/database/filter.go:113.65,119.2 1 3
github.com/siyul-park/uniflow/pkg/database/filter.go:122.42,127.2 1 2
github.com/siyul-park/uniflow/pkg/database/filter.go:130.45,135.2 1 2
github.com/siyul-park/uniflow/pkg/database/filter.go:138.45,140.48 2 5
github.com/siyul-park/uniflow/pkg/database/filter.go:140.48,141.15 1 10
github.com/siyul-park/uniflow/pkg/database/filter.go:141.15,143.4 1 10
github.com/siyul-park/uniflow/pkg/database/filter.go:146.2,149.3 1 5
github.com/siyul-park/uniflow/pkg/database/filter.go:153.44,155.48 2 5
github.com/siyul-park/uniflow/pkg/database/filter.go:155.48,156.15 1 10
github.com/siyul-park/uniflow/pkg/database/filter.go:156.15,158.4 1 10
github.com/siyul-park/uniflow/pkg/database/filter.go:161.2,164.3 1 5
github.com/siyul-park/uniflow/pkg/database/filter.go:168.44,169.33 1 43
github.com/siyul-park/uniflow/pkg/database/filter.go:169.33,171.37 2 8
github.com/siyul-park/uniflow/pkg/database/filter.go:171.37,172.44 1 16
github.com/siyul-park/uniflow/pkg/database/filter.go:172.44,174.5 1 0
github.com/siyul-park/uniflow/pkg/database/filter.go:174.10,176.5 1 16
github.com/siyul-park/uniflow/pkg/database/filter.go:178.3,178.58 1 8
github.com/siyul-park/uniflow/pkg/database/filter.go:180.2,180.37 1 35
github.com/siyul-park/uniflow/pkg/database/filter.go:180.37,182.3 1 2
github.com/siyul-park/uniflow/pkg/database/filter.go:184.2,185.16 2 33
github.com/siyul-park/uniflow/pkg/database/filter.go:185.16,187.3 1 0
github.com/siyul-park/uniflow/pkg/database/filter.go:188.2,188.71 1 33
github.com/siyul-park/uniflow/pkg/database/memdb/collection.go:43.45,51.2 1 13
github.com/siyul-park/uniflow/pkg/database/memdb/collection.go:53.39,58.2 3 1
github.com/siyul-park/uniflow/pkg/database/memdb/collection.go:60.54,65.2 3 1
github.com/siyul-park/uniflow/pkg/database/memdb/collection.go:67.102,75.12 6 1
github.com/siyul-park/uniflow/pkg/database/memdb/collection.go:75.12,76.10 1 1
github.com/siyul-park/uniflow/pkg/database/memdb/collection.go:77.24,78.24 1 1
github.com/siyul-park/uniflow/pkg/database/memdb/collection.go:79.21,81.24 2 0
github.com/siyul-park/uniflow/pkg/database/memdb/collection.go:85.2,85.20 1 1
github.com/siyul-park/uniflow/pkg/database/memdb/collection.go:88.101,89.53 1 9
github.com/siyul-park/uniflow/pkg/database/memdb/collection.go:89.53,91.3 1 0
github.com/siyul-park/uniflow/pkg/database/memdb/collection.go:91.8,100.3 2 9
github.com/siyul-park/uniflow/pkg/database/memdb/collection.go:103.107,104.56 1 1
github.com/siyul-park/uniflow/pkg/database/memdb/collection.go:104.56,106.3 1 0
github.com/siyul-park/uniflow/pkg/database/memdb/collection.go:106.8,107.28 1 1
github.com/siyul-park/uniflow/pkg/database/memdb/collection.go:107.28,115.4 1 1
github.com/siyul-park/uniflow/pkg/database/memdb/collection.go:116.3,116.18 1 1
github.com/siyul-park/uniflow/pkg/database/memdb/collection.go:120.150,123.37 3 4
github.com/siyul-park/uniflow/pkg/database/memdb/collection.go:123.37,125.3 1 3
github.com/siyul-park/uniflow/pkg/database/memdb/collection.go:127.2,128.16 2 4
github.com/siyul-park/uniflow/pkg/database/memdb/collection.go:128.16,130.3 1 0
github.com/siyul-park/uniflow/pkg/database/memdb/collection.go:131.2,131.27 1 4
github.com/siyul-park/uniflow/pkg/database/memdb/collection.go:131.27,133.3 1 1
github.com/siyul-park/uniflow/pkg/database/memdb/collection.go:135.2,136.16 2 3
github.com/siyul-park/uniflow/pkg/database/memdb/collection.go:136.16,138.3 1 2
github.com/siyul-park/uniflow/pkg/database/memdb/collection.go:139.2,139.15 1 3
github.com/siyul-park/uniflow/pkg/database/memdb/collection.go:139.15,141.3 1 1
github.com/siyul-park/uniflow/pkg/database/memdb/collection.go:142.2,142.15 1 3
github.com/siyul-park/uniflow/pkg/database/memdb/collection.go:142.15,143.50 1 1
github.com/siyul-park/uniflow/pkg/database/memdb/collection.go:143.50,144.37 1 1
github.com/siyul-park/uniflow/pkg/database/memdb/collection.go:144.37,145.40 1 1
github.com/siyul-park/uniflow/pkg/database/memdb/collection.go:145.40,146.19 1 1
github.com/siyul-park/uniflow/pkg/database/memdb/collection.go:146.19,148.7 1 1
github.com/siyul-park/uniflow/pkg/database/memdb/collection.go:148.12,150.7 1 0
github.com/siyul-park/uniflow/pkg/database/memdb/collection.go:155.2,155.15 1 3
github.com/siyul-park/uniflow/pkg/database/memdb/collection.go:155.15,157.3 1 0
github.com/siyul-park/uniflow/pkg/database/memdb/collection.go:159.2,159.16 1 3
github.com/siyul-park/uniflow/pkg/database/memdb/collection.go:159.16,160.53 1 2
github.com/siyul-park/uniflow/pkg/database/memdb/collection.go:160.53,162.4 1 0
github.com/siyul-park/uniflow/pkg/database/memdb/collection.go:165.2,166.34 2 3
github.com/siyul-park/uniflow/pkg/database/memdb/collection.go:166.34,168.3 1 3
github.com/siyul-park/uniflow/pkg/database/memdb/collection.go:170.2,170.52 1 3
github.com/siyul-park/uniflow/pkg/database/memdb/collection.go:170.52,173.3 2 0
github.com/siyul-park/uniflow/pkg/database/memdb/collection.go:175.2,183.18 2 3
github.com/siyul-park/uniflow/pkg/database/memdb/collection.go:186.150,189.37 3 3
github.com/siyul-park/uniflow/pkg/database/memdb/collection.go:189.37,191.3 1 3
github.com/siyul-park/uniflow/pkg/database/memdb/collection.go:193.2,194.16 2 3
github.com/siyul-park/uniflow/pkg/database/memdb/collection.go:194.16,196.3 1 0
github.com/siyul-park/uniflow/pkg/database/memdb/collection.go:197.2,197.19 1 3
github.com/siyul-park/uniflow/pkg/database/memdb/collection.go:197.19,198.14 1 2
github.com/siyul-park/uniflow/pkg/database/memdb/collection.go:198.14,200.4 1 1
github.com/siyul-park/uniflow/pkg/database/memdb/collection.go:202.3,203.16 2 1
github.com/siyul-park/uniflow/pkg/database/memdb/collection.go:203.16,204.51 1 1
github.com/siyul-park/uniflow/pkg/database/memdb/collection.go:204.51,205.38 1 1
github.com/siyul-park/uniflow/pkg/database/memdb/collection.go:205.38,206.41 1 1
github.com/siyul-park/uniflow/pkg/database/memdb/collection.go:206.41,207.20 1 1
github.com/siyul-park/uniflow/pkg/database/memdb/collection.go:207.20,209.8 1 1
github.com/siyul-park/uniflow/pkg/database/memdb/collection.go:209.13,211.8 1 0
github.com/siyul-park/uniflow/pkg/database/memdb/collection.go:217.3,218.35 2 1
github.com/siyul-park/uniflow/pkg/database/memdb/collection.go:218.35,220.4 1 1
github.com/siyul-park/uniflow/pkg/database/memdb/collection.go:221.3,221.53 1 1
github.com/siyul-park/uniflow/pkg/database/memdb/collection.go:221.53,223.4 1 0
github.com/siyul-park/uniflow/pkg/database/memdb/collection.go:224.3,224.16 1 1
github.com/siyul-park/uniflow/pkg/database/memdb/collection.go:227.2,227.53 1 1
github.com/siyul-park/uniflow/pkg/database/memdb/collection.go:227.53,229.3 1 0
github.com/siyul-park/uniflow/pkg/database/memdb/collection.go:231.2,232.26 2 1
github.com/siyul-park/uniflow/pkg/database/memdb/collection.go:232.26,235.3 2 1
github.com/siyul-park/uniflow/pkg/database/memdb/collection.go:236.2,236.56 1 1
github.com/siyul-park/uniflow/pkg/database/memdb/collection.go:236.56,239.3 2 0
github.com/siyul-park/uniflow/pkg/database/memdb/collection.go:239.8,240.28 1 1
github.com/siyul-park/uniflow/pkg/database/memdb/collection.go:240.28,248.4 1 1
github.com/siyul-park/uniflow/pkg/database/memdb/collection.go:251.2,251.23 1 1
github.com/siyul-park/uniflow/pkg/database/memdb/collection.go:254.95,255.55 1 4
github.com/siyul-park/uniflow/pkg/database/memdb/collection.go:255.55,257.3 1 0
github.com/siyul-park/uniflow/pkg/database/memdb/collection.go:257.8,257.61 1 4
github.com/siyul-park/uniflow/pkg/database/memdb/collection.go:257.61,259.3 1 0
github.com/siyul-park/uniflow/pkg/database/memdb/collection.go:259.8,260.17 1 4
github.com/siyul-park/uniflow/pkg/database/memdb/collection.go:260.17,261.36 1 2
github.com/siyul-park/uniflow/pkg/database/memdb/collection.go:261.36,269.5 1 2
github.com/siyul-park/uniflow/pkg/database/memdb/collection.go:271.3,271.25 1 4
github.com/siyul-park/uniflow/pkg/database/memdb/collection.go:275.95,276.57 1 3
github.com/siyul-park/uniflow/pkg/database/memdb/collection.go:276.57,278.3 1 0
github.com/siyul-park/uniflow/pkg/database/memdb/collection.go:278.8,278.64 1 3
github.com/siyul-park/uniflow/pkg/database/memdb/collection.go:278.64,280.3 1 0
github.com/siyul-park/uniflow/pkg/database/memdb/collection.go:280.8,281.28 1 3
github.com/siyul-park/uniflow/pkg/database/memdb/collection.go:281.28,282.36 1 1
github.com/siyul-park/uniflow/pkg/database/memdb/collection.go:282.36,290.5 1 1
github.com/siyul-park/uniflow/pkg/database/memdb/collection.go:292.3,292.24 1 3
github.com/siyul-park/uniflow/pkg/database/memdb/collection.go:296.134,298.2 1 13
github.com/siyul-park/uniflow/pkg/database/memdb/collection.go:300.137,302.2 1 13
github.com/siyul-park/uniflow/pkg/database/memdb/collection.go:304.57,305.40 1 1
github.com/siyul-park/uniflow/pkg/database/memdb/collection.go:305.40,312.55 5 1
github.com/siyul-park/uniflow/pkg/database/memdb/collection.go:312.55,314.4 1 0
github.com/siyul-park/uniflow/pkg/database/memdb/collection.go:316.3,316.19 1 1
github.com/siyul-park/uniflow/pkg/database/memdb/collection.go:318.2,318.16 1 1
github.com/siyul-park/uniflow/pkg/database/memdb/collection.go:318.16,320.3 1 0
github.com/siyul-park/uniflow/pkg/database/memdb/collection.go:322.2,322.36 1 1
github.com/siyul-park/uniflow/pkg/database/memdb/collection.go:322.36,324.35 2 1
github.com/siyul-park/uniflow/pkg/database/memdb/collection.go:324.35,332.4 1 1
github.com/siyul-park/uniflow/pkg/database/memdb/collection.go:335.2,338.33 3 1
github.com/siyul-park/uniflow/pkg/database/memdb/collection.go:338.33,339.35 1 0
github.com/siyul-park/uniflow/pkg/database/memdb/collection.go:339.35,341.4 1 0
github.com/siyul-park/uniflow/pkg/database/memdb/collection.go:343.2,345.12 2 1
github.com/siyul-park/uniflow/pkg/database/memdb/collection.go:348.101,349.73 1 13
github.com/siyul-park/uniflow/pkg/database/memdb/collection.go:349.73,351.3 1 0
github.com/siyul-park/uniflow/pkg/database/memdb/collection.go:351.8,353.3 1 13
github.com/siyul-park/uniflow/pkg/database/memdb/collection.go:356.107,361.27 4 15
github.com/siyul-park/uniflow/pkg/database/memdb/collection.go:361.27,362.36 1 15
github.com/siyul-park/uniflow/pkg/database/memdb/collection.go:362.36,364.4 1 0
github.com/siyul-park/uniflow/pkg/database/memdb/collection.go:364.9,364.44 1 15
github.com/siyul-park/uniflow/pkg/database/memdb/collection.go:364.44,366.4 1 0
github.com/siyul-park/uniflow/pkg/database/memdb/collection.go:366.9,368.4 1 15
github.com/siyul-park/uniflow/pkg/database/memdb/collection.go:371.2,371.61 1 15
github.com/siyul-park/uniflow/pkg/database/memdb/collection.go:371.61,373.3 1 0
github.com/siyul-park/uniflow/pkg/database/memdb/collection.go:374.2,374.27 1 15
github.com/siyul-park/uniflow/pkg/database/memdb/collection.go:374.27,376.3 1 15
github.com/siyul-park/uniflow/pkg/database/memdb/collection.go:378.2,378.17 1 15
github.com/siyul-park/uniflow/pkg/database/memdb/collection.go:381.134,384.62 2 21
github.com/siyul-park/uniflow/pkg/database/memdb/collection.go:384.62,386.3 1 0
github.com/siyul-park/uniflow/pkg/database/memdb/collection.go:386.8,386.26 1 21
github.com/siyul-park/uniflow/pkg/database/memdb/collection.go:386.26,388.3 1 11
github.com/siyul-park/uniflow/pkg/database/memdb/collection.go:388.8,390.3 1 10
github.com/siyul-park/uniflow/pkg/database/memdb/collection.go:393.137,400.36 5 40
github.com/siyul-park/uniflow/pkg/database/memdb/collection.go:400.36,402.3 1 21
github.com/siyul-park/uniflow/pkg/database/memdb/collection.go:403.2,404.35 2 40
github.com/siyul-park/uniflow/pkg/database/memdb/collection.go:404.35,406.3 1 0
github.com/siyul-park/uniflow/pkg/database/memdb/collection.go:407.2,408.36 2 40
github.com/siyul-park/uniflow/pkg/database/memdb/collection.go:408.36,410.3 1 0
github.com/siyul-park/uniflow/pkg/database/memdb/collection.go:412.2,415.32 3 40
github.com/siyul-park/uniflow/pkg/database/memdb/collection.go:415.32,417.3 1 0
github.com/siyul-park/uniflow/pkg/database/memdb/collection.go:419.2,421.49 3 40
github.com/siyul-park/uniflow/pkg/database/memdb/collection.go:421.49,422.69 1 26
github.com/siyul-park/uniflow/pkg/database/memdb/collection.go:422.69,423.27 1 10
github.com/siyul-park/uniflow/pkg/database/memdb/collection.go:423.27,424.32 1 12
github.com/siyul-park/uniflow/pkg/database/memdb/collection.go:424.32,425.11 1 0
github.com/siyul-park/uniflow/pkg/database/memdb/collection.go:426.11,426.79 1 12
github.com/siyul-park/uniflow/pkg/database/memdb/collection.go:426.79,428.6 1 10
github.com/siyul-park/uniflow/pkg/database/memdb/collection.go:430.4,430.20 1 10
github.com/siyul-park/uniflow/pkg/database/memdb/collection.go:433.2,433.14 1 40
github.com/siyul-park/uniflow/pkg/database/memdb/collection.go:433.14,434.40 1 30
github.com/siyul-park/uniflow/pkg/database/memdb/collection.go:434.40,436.31 2 22
github.com/siyul-park/uniflow/pkg/database/memdb/collection.go:436.31,437.13 1 0
github.com/siyul-park/uniflow/pkg/database/memdb/collection.go:439.4,439.37 1 22
github.com/siyul-park/uniflow/pkg/database/memdb/collection.go:439.37,441.5 1 10
github.com/siyul-park/uniflow/pkg/database/memdb/collection.go:445.2,445.25 1 40
github.com/siyul-park/uniflow/pkg/database/memdb/collection.go:445.25,447.3 1 20
github.com/siyul-park/uniflow/pkg/database/memdb/collection.go:449.2,450.36 2 20
github.com/siyul-park/uniflow/pkg/database/memdb/collection.go:450.36,452.3 1 20
github.com/siyul-park/uniflow/pkg/database/memdb/collection.go:454.2,454.20 1 20
github.com/siyul-park/uniflow/pkg/database/memdb/collection.go:454.20,456.40 2 0
github.com/siyul-park/uniflow/pkg/database/memdb/collection.go:456.40,458.4 1 0
github.com/siyul-park/uniflow/pkg/database/memdb/collection.go:460.2,460.16 1 20
github.com/siyul-park/uniflow/pkg/database/memdb/collection.go:460.16,461.29 1 11
github.com/siyul-park/uniflow/pkg/database/memdb/collection.go:461.29,463.4 1 0
github.com/siyul-park/uniflow/pkg/database/memdb/collection.go:463.9,465.4 1 11
github.com/siyul-park/uniflow/pkg/database/memdb/collection.go:467.2,467.18 1 20
github.com/siyul-park/uniflow/pkg/database/memdb/collection.go:470.100,471.74 1 6
github.com/siyul-park/uniflow/pkg/database/memdb/collection.go:471.74,473.3 1 0
github.com/siyul-park/uniflow/pkg/database/memdb/collection.go:473.8,473.26 1 6
github.com/siyul-park/uniflow/pkg/database/memdb/collection.go:473.26,475.3 1 4
github.com/siyul-park/uniflow/pkg/database/memdb/collection.go:475.8,477.3 1 2
github.com/siyul-park/uniflow/pkg/database/memdb/collection.go:480.106,486.27 5 10
github.com/siyul-park/uniflow/pkg/database/memdb/collection.go:486.27,487.17 1 8
github.com/siyul-park/uniflow/pkg/database/memdb/collection.go:487.17,488.12 1 2
github.com/siyul-park/uniflow/pkg/database/memdb/collection.go:490.3,490.36 1 6
github.com/siyul-park/uniflow/pkg/database/memdb/collection.go:490.36,491.12 1 0
github.com/siyul-park/uniflow/pkg/database/memdb/collection.go:492.9,495.4 2 6
github.com/siyul-park/uniflow/pkg/database/memdb/collection.go:498.2,498.64 1 10
github.com/siyul-park/uniflow/pkg/database/memdb/collection.go:498.64,500.3 1 0
github.com/siyul-park/uniflow/pkg/database/memdb/collection.go:502.2,502.25 1 10
github.com/siyul-park/uniflow/pkg/database/memdb/collection.go:502.25,504.3 1 6
github.com/siyul-park/uniflow/pkg/database/memdb/collection.go:506.2,506.21 1 10
github.com/siyul-park/uniflow/pkg/database/memdb/collection.go:509.57,513.33 3 1
github.com/siyul-park/uniflow/pkg/database/memdb/collection.go:513.33,514.18 1 1
github.com/siyul-park/uniflow/pkg/database/memdb/collection.go:514.18,518.4 3 1
github.com/siyul-park/uniflow/pkg/database/memdb/collection.go:522.47,526.33 3 18
github.com/siyul-park/uniflow/pkg/database/memdb/collection.go:526.33,527.44 1 3
github.com/siyul-park/uniflow/pkg/database/memdb/collection.go:527.44,529.4 1 3
github.com/siyul-park/uniflow/pkg/database/memdb/compare.go:9.51,11.3 1 156
github.com/siyul-park/uniflow/pkg/database/memdb/database.go:20.33,26.2 1 3
github.com/siyul-park/uniflow/pkg/database/memdb/database.go:28.35,33.2 3 1
github.com/siyul-park/uniflow/pkg/database/memdb/database.go:35.93,39.42 3 1
github.com/siyul-park/uniflow/pkg/database/memdb/database.go:39.42,41.3 1 0
github.com/siyul-park/uniflow/pkg/database/memdb/database.go:43.2,46.18 3 1
github.com/siyul-park/uniflow/pkg/database/memdb/database.go:49.53,53.38 3 1
github.com/siyul-park/uniflow/pkg/database/memdb/database.go:53.38,54.40 1 0
github.com/siyul-park/uniflow/pkg/database/memdb/database.go:54.40,56.4 1 0
github.com/siyul-park/uniflow/pkg/database/memdb/database.go:59.2,61.12 2 1
github.com/siyul-park/uniflow/pkg/database/memdb/filter.go:15.69,16.19 1 70
github.com/siyul-park/uniflow/pkg/database/memdb/filter.go:16.19,17.38 1 22
github.com/siyul-park/uniflow/pkg/database/memdb/filter.go:17.38,19.4 1 24
github.com/siyul-park/uniflow/pkg/database/memdb/filter.go:22.2,22.19 1 48
github.com/siyul-park/uniflow/pkg/database/memdb/filter.go:23.19,24.38 1 26
github.com/siyul-park/uniflow/pkg/database/memdb/filter.go:24.38,25.82 1 18
github.com/siyul-park/uniflow/pkg/database/memdb/filter.go:25.82,27.5 1 0
github.com/siyul-park/uniflow/pkg/database/memdb/filter.go:27.10,29.5 1 18
github.com/siyul-park/uniflow/pkg/database/memdb/filter.go:31.19,32.38 1 2
github.com/siyul-park/uniflow/pkg/database/memdb/filter.go:32.38,33.82 1 2
github.com/siyul-park/uniflow/pkg/database/memdb/filter.go:33.82,35.5 1 0
github.com/siyul-park/uniflow/pkg/database/memdb/filter.go:35.10,37.5 1 2
github.com/siyul-park/uniflow/pkg/database/memdb/filter.go:39.19,40.38 1 2
github.com/siyul-park/uniflow/pkg/database/memdb/filter.go:40.38,41.82 1 2
github.com/siyul-park/uniflow/pkg/database/memdb/filter.go:41.82,43.5 1 0
github.com/siyul-park/uniflow/pkg/database/memdb/filter.go:43.10,45.5 1 2
github.com/siyul-park/uniflow/pkg/database/memdb/filter.go:47.20,48.38 1 2
github.com/siyul-park/uniflow/pkg/database/memdb/filter.go:48.38,49.82 1 2
github.com/siyul-park/uniflow/pkg/database/memdb/filter.go:49.82,51.5 1 0
github.com/siyul-park/uniflow/pkg/database/memdb/filter.go:51.10,53.5 1 2
github.com/siyul-park/uniflow/pkg/database/memdb/filter.go:55.19,56.38 1 2
github.com/siyul-park/uniflow/pkg/database/memdb/filter.go:56.38,57.82 1 2
github.com/siyul-park/uniflow/pkg/database/memdb/filter.go:57.82,59.5 1 0
github.com/siyul-park/uniflow/pkg/database/memdb/filter.go:59.10,61.5 1 2
github.com/siyul-park/uniflow/pkg/database/memdb/filter.go:63.20,64.38 1 2
github.com/siyul-park/uniflow/pkg/database/memdb/filter.go:64.38,65.82 1 2
github.com/siyul-park/uniflow/pkg/database/memdb/filter.go:65.82,67.5 1 0
github.com/siyul-park/uniflow/pkg/database/memdb/filter.go:67.10,69.5 1 2
github.com/siyul-park/uniflow/pkg/database/memdb/filter.go:71.19,72.38 1 2
github.com/siyul-park/uniflow/pkg/database/memdb/filter.go:72.38,73.82 1 2
github.com/siyul-park/uniflow/pkg/database/memdb/filter.go:73.82,75.5 1 0
github.com/siyul-park/uniflow/pkg/database/memdb/filter.go:75.10,75.23 1 2
github.com/siyul-park/uniflow/pkg/database/memdb/filter.go:75.23,77.5 1 0
github.com/siyul-park/uniflow/pkg/database/memdb/filter.go:77.10,77.60 1 2
github.com/siyul-park/uniflow/pkg/database/memdb/filter.go:77.60,79.5 1 0
github.com/siyul-park/uniflow/pkg/database/memdb/filter.go:79.10,80.34 1 2
github.com/siyul-park/uniflow/pkg/database/memdb/filter.go:80.34,81.45 1 2
github.com/siyul-park/uniflow/pkg/database/memdb/filter.go:81.45,83.7 1 2
github.com/siyul-park/uniflow/pkg/database/memdb/filter.go:85.5,85.17 1 0
github.com/siyul-park/uniflow/pkg/database/memdb/filter.go:88.20,89.38 1 2
github.com/siyul-park/uniflow/pkg/database/memdb/filter.go:89.38,90.82 1 2
github.com/siyul-park/uniflow/pkg/database/memdb/filter.go:90.82,92.5 1 0
github.com/siyul-park/uniflow/pkg/database/memdb/filter.go:92.10,92.23 1 2
github.com/siyul-park/uniflow/pkg/database/memdb/filter.go:92.23,94.5 1 0
github.com/siyul-park/uniflow/pkg/database/memdb/filter.go:94.10,94.60 1 2
github.com/siyul-park/uniflow/pkg/database/memdb/filter.go:94.60,96.5 1 0
github.com/siyul-park/uniflow/pkg/database/memdb/filter.go:96.10,97.34 1 2
github.com/siyul-park/uniflow/pkg/database/memdb/filter.go:97.34,98.45 1 2
github.com/siyul-park/uniflow/pkg/database/memdb/filter.go:98.45,100.7 1 0
github.com/siyul-park/uniflow/pkg/database/memdb/filter.go:102.5,102.17 1 2
github.com/siyul-park/uniflow/pkg/database/memdb/filter.go:105.21,106.38 1 2
github.com/siyul-park/uniflow/pkg/database/memdb/filter.go:106.38,107.82 1 2
github.com/siyul-park/uniflow/pkg/database/memdb/filter.go:107.82,109.5 1 0
github.com/siyul-park/uniflow/pkg/database/memdb/filter.go:109.10,111.5 1 2
github.com/siyul-park/uniflow/pkg/database/memdb/filter.go:113.22,114.38 1 2
github.com/siyul-park/uniflow/pkg/database/memdb/filter.go:114.38,115.82 1 2
github.com/siyul-park/uniflow/pkg/database/memdb/filter.go:115.82,117.5 1 0
github.com/siyul-park/uniflow/pkg/database/memdb/filter.go:117.10,119.5 1 2
github.com/siyul-park/uniflow/pkg/database/memdb/filter.go:121.20,123.41 2 2
github.com/siyul-park/uniflow/pkg/database/memdb/filter.go:123.41,125.4 1 4
github.com/siyul-park/uniflow/pkg/database/memdb/filter.go:126.3,126.38 1 2
github.com/siyul-park/uniflow/pkg/database/memdb/filter.go:126.38,127.29 1 2
github.com/siyul-park/uniflow/pkg/database/memdb/filter.go:127.29,128.14 1 4
github.com/siyul-park/uniflow/pkg/database/memdb/filter.go:128.14,130.6 1 0
github.com/siyul-park/uniflow/pkg/database/memdb/filter.go:132.4,132.15 1 2
github.com/siyul-park/uniflow/pkg/database/memdb/filter.go:134.19,136.41 2 2
github.com/siyul-park/uniflow/pkg/database/memdb/filter.go:136.41,138.4 1 4
github.com/siyul-park/uniflow/pkg/database/memdb/filter.go:139.3,139.38 1 2
github.com/siyul-park/uniflow/pkg/database/memdb/filter.go:139.38,140.29 1 2
github.com/siyul-park/uniflow/pkg/database/memdb/filter.go:140.29,141.13 1 2
github.com/siyul-park/uniflow/pkg/database/memdb/filter.go:141.13,143.6 1 2
github.com/siyul-park/uniflow/pkg/database/memdb/filter.go:145.4,145.16 1 0
github.com/siyul-park/uniflow/pkg/database/memdb/filter.go:149.2,149.37 1 0
github.com/siyul-park/uniflow/pkg/database/memdb/filter.go:149.37,151.3 1 0
github.com/siyul-park/uniflow/pkg/database/memdb/filter.go:154.72,155.19 1 50
github.com/siyul-park/uniflow/pkg/database/memdb/filter.go:155.19,157.3 1 0
github.com/siyul-park/uniflow/pkg/database/memdb/filter.go:159.2,159.19 1 50
github.com/siyul-park/uniflow/pkg/database/memdb/filter.go:160.19,161.97 1 28
github.com/siyul-park/uniflow/pkg/database/memdb/filter.go:162.19,163.20 1 2
github.com/siyul-park/uniflow/pkg/database/memdb/filter.go:164.19,165.20 1 2
github.com/siyul-park/uniflow/pkg/database/memdb/filter.go:166.20,167.20 1 2
github.com/siyul-park/uniflow/pkg/database/memdb/filter.go:168.19,169.20 1 2
github.com/siyul-park/uniflow/pkg/database/memdb/filter.go:170.20,171.20 1 2
github.com/siyul-park/uniflow/pkg/database/memdb/filter.go:172.19,173.59 1 2
github.com/siyul-park/uniflow/pkg/database/memdb/filter.go:173.59,175.4 1 0
github.com/siyul-park/uniflow/pkg/database/memdb/filter.go:175.9,177.40 2 2
github.com/siyul-park/uniflow/pkg/database/memdb/filter.go:177.40,179.5 1 2
github.com/siyul-park/uniflow/pkg/database/memdb/filter.go:180.4,180.25 1 2
github.com/siyul-park/uniflow/pkg/database/memdb/filter.go:182.20,183.20 1 2
github.com/siyul-park/uniflow/pkg/database/memdb/filter.go:184.21,185.88 1 2
github.com/siyul-park/uniflow/pkg/database/memdb/filter.go:186.22,187.20 1 2
github.com/siyul-park/uniflow/pkg/database/memdb/filter.go:188.20,190.41 2 2
github.com/siyul-park/uniflow/pkg/database/memdb/filter.go:190.41,192.19 2 4
github.com/siyul-park/uniflow/pkg/database/memdb/filter.go:192.20,193.5 0 0
github.com/siyul-park/uniflow/pkg/database/memdb/filter.go:193.10,193.26 1 4
github.com/siyul-park/uniflow/pkg/database/memdb/filter.go:193.26,194.35 1 4
github.com/siyul-park/uniflow/pkg/database/memdb/filter.go:194.35,197.37 2 4
github.com/siyul-park/uniflow/pkg/database/memdb/filter.go:197.37,199.7 1 0
github.com/siyul-park/uniflow/pkg/database/memdb/filter.go:199.12,201.7 1 4
github.com/siyul-park/uniflow/pkg/database/memdb/filter.go:203.10,205.5 1 0
github.com/siyul-park/uniflow/pkg/database/memdb/filter.go:207.3,207.41 1 2
github.com/siyul-park/uniflow/pkg/database/memdb/filter.go:208.19,210.41 2 2
github.com/siyul-park/uniflow/pkg/database/memdb/filter.go:210.41,211.43 1 4
github.com/siyul-park/uniflow/pkg/database/memdb/filter.go:211.43,213.5 1 4
github.com/siyul-park/uniflow/pkg/database/memdb/filter.go:213.10,215.5 1 0
github.com/siyul-park/uniflow/pkg/database/memdb/filter.go:217.3,217.24 1 2
github.com/siyul-park/uniflow/pkg/database/memdb/filter.go:220.2,220.19 1 0
github.com/siyul-park/uniflow/pkg/database/memdb/filter.go:223.37,226.2 2 36
github.com/siyul-park/uniflow/pkg/database/memdb/index.go:38.32,53.2 3 16
github.com/siyul-park/uniflow/pkg/database/memdb/index.go:55.77,60.2 3 1
github.com/siyul-park/uniflow/pkg/database/memdb/index.go:62.81,68.29 4 19
github.com/siyul-park/uniflow/pkg/database/memdb/index.go:68.29,69.16 1 3
github.com/siyul-park/uniflow/pkg/database/memdb/index.go:69.16,73.4 3 0
github.com/siyul-park/uniflow/pkg/database/memdb/index.go:76.2,80.12 4 19
github.com/siyul-park/uniflow/pkg/database/memdb/index.go:83.65,87.29 3 1
github.com/siyul-park/uniflow/pkg/database/memdb/index.go:87.29,88.16 1 2
github.com/siyul-park/uniflow/pkg/database/memdb/index.go:88.16,92.4 3 1
github.com/siyul-park/uniflow/pkg/database/memdb/index.go:95.2,95.12 1 1
github.com/siyul-park/uniflow/pkg/database/memdb/index.go:98.83,102.27 3 15
github.com/siyul-park/uniflow/pkg/database/memdb/index.go:102.27,103.48 1 15
github.com/siyul-park/uniflow/pkg/database/memdb/index.go:103.48,104.25 1 0
github.com/siyul-park/uniflow/pkg/database/memdb/index.go:104.25,106.5 1 0
github.com/siyul-park/uniflow/pkg/database/memdb/index.go:107.4,107.14 1 0
github.com/siyul-park/uniflow/pkg/database/memdb/index.go:110.2,110.12 1 15
github.com/siyul-park/uniflow/pkg/database/memdb/index.go:113.83,117.27 3 10
github.com/siyul-park/uniflow/pkg/database/memdb/index.go:117.27,118.48 1 6
github.com/siyul-park/uniflow/pkg/database/memdb/index.go:118.48,119.22 1 0
github.com/siyul-park/uniflow/pkg/database/memdb/index.go:119.22,121.5 1 0
github.com/siyul-park/uniflow/pkg/database/memdb/index.go:122.4,122.14 1 0
github.com/siyul-park/uniflow/pkg/database/memdb/index.go:125.2,125.12 1 10
github.com/siyul-park/uniflow/pkg/database/memdb/index.go:128.57,135.2 4 1
github.com/siyul-park/uniflow/pkg/database/memdb/index.go:137.104,143.35 4 26
github.com/siyul-park/uniflow/pkg/database/memdb/index.go:143.35,144.26 1 28
github.com/siyul-park/uniflow/pkg/database/memdb/index.go:144.26,145.36 1 28
github.com/siyul-park/uniflow/pkg/database/memdb/index.go:145.36,149.38 3 28
github.com/siyul-park/uniflow/pkg/database/memdb/index.go:149.38,150.43 1 26
github.com/siyul-park/uniflow/pkg/database/memdb/index.go:150.43,152.7 1 26
github.com/siyul-park/uniflow/pkg/database/memdb/index.go:152.12,154.7 1 0
github.com/siyul-park/uniflow/pkg/database/memdb/index.go:156.5,160.33 4 28
github.com/siyul-park/uniflow/pkg/database/memdb/index.go:160.33,161.68 1 28
github.com/siyul-park/uniflow/pkg/database/memdb/index.go:161.68,163.39 2 20
github.com/siyul-park/uniflow/pkg/database/memdb/index.go:163.39,164.33 1 10
github.com/siyul-park/uniflow/pkg/database/memdb/index.go:164.33,166.9 1 0
github.com/siyul-park/uniflow/pkg/database/memdb/index.go:166.14,167.25 1 10
github.com/siyul-park/uniflow/pkg/database/memdb/index.go:167.25,169.10 1 10
github.com/siyul-park/uniflow/pkg/database/memdb/index.go:169.15,172.10 2 0
github.com/siyul-park/uniflow/pkg/database/memdb/index.go:174.13,176.13 2 10
github.com/siyul-park/uniflow/pkg/database/memdb/index.go:178.12,179.12 1 8
github.com/siyul-park/uniflow/pkg/database/memdb/index.go:183.5,183.30 1 28
github.com/siyul-park/uniflow/pkg/database/memdb/index.go:183.30,184.12 1 26
github.com/siyul-park/uniflow/pkg/database/memdb/index.go:184.12,186.7 1 6
github.com/siyul-park/uniflow/pkg/database/memdb/index.go:188.5,188.13 1 28
github.com/siyul-park/uniflow/pkg/database/memdb/index.go:188.13,189.14 1 16
github.com/siyul-park/uniflow/pkg/database/memdb/index.go:192.5,196.22 4 12
github.com/siyul-park/uniflow/pkg/database/memdb/index.go:196.22,198.6 1 0
github.com/siyul-park/uniflow/pkg/database/memdb/index.go:200.5,200.26 1 12
github.com/siyul-park/uniflow/pkg/database/memdb/index.go:200.26,202.34 2 0
github.com/siyul-park/uniflow/pkg/database/memdb/index.go:202.34,203.39 1 0
github.com/siyul-park/uniflow/pkg/database/memdb/index.go:203.39,205.8 1 0
github.com/siyul-park/uniflow/pkg/database/memdb/index.go:207.6,207.23 1 0
github.com/siyul-park/uniflow/pkg/database/memdb/index.go:210.5,210.33 1 12
github.com/siyul-park/uniflow/pkg/database/memdb/index.go:210.33,212.6 1 12
github.com/siyul-park/uniflow/pkg/database/memdb/index.go:214.5,214.15 1 12
github.com/siyul-park/uniflow/pkg/database/memdb/index.go:217.4,217.27 1 16
github.com/siyul-park/uniflow/pkg/database/memdb/index.go:218.19,220.4 1 16
github.com/siyul-park/uniflow/pkg/database/memdb/index.go:223.2,224.33 2 10
github.com/siyul-park/uniflow/pkg/database/memdb/index.go:224.33,226.3 1 12
github.com/siyul-park/uniflow/pkg/database/memdb/index.go:227.2,227.23 1 10
github.com/siyul-park/uniflow/pkg/database/memdb/index.go:230.79,232.9 2 15
github.com/siyul-park/uniflow/pkg/database/memdb/index.go:232.9,234.3 1 0
github.com/siyul-park/uniflow/pkg/database/memdb/index.go:236.2,236.34 1 15
github.com/siyul-park/uniflow/pkg/database/memdb/index.go:236.34,237.26 1 15
github.com/siyul-park/uniflow/pkg/database/memdb/index.go:237.26,240.40 2 15
github.com/siyul-park/uniflow/pkg/database/memdb/index.go:240.40,242.5 1 0
github.com/siyul-park/uniflow/pkg/database/memdb/index.go:244.4,244.33 1 15
github.com/siyul-park/uniflow/pkg/database/memdb/index.go:244.33,247.30 2 15
github.com/siyul-park/uniflow/pkg/database/memdb/index.go:247.30,249.13 2 0
github.com/siyul-park/uniflow/pkg/database/memdb/index.go:249.13,252.7 2 0
github.com/siyul-park/uniflow/pkg/database/memdb/index.go:253.6,253.27 1 0
github.com/siyul-park/uniflow/pkg/database/memdb/index.go:254.11,254.28 1 15
github.com/siyul-park/uniflow/pkg/database/memdb/index.go:254.28,255.37 1 15
github.com/siyul-park/uniflow/pkg/database/memdb/index.go:255.37,257.7 1 15
github.com/siyul-park/uniflow/pkg/database/memdb/index.go:257.12,257.24 1 0
github.com/siyul-park/uniflow/pkg/database/memdb/index.go:257.24,259.7 1 0
github.com/siyul-park/uniflow/pkg/database/memdb/index.go:260.11,262.13 2 0
github.com/siyul-park/uniflow/pkg/database/memdb/index.go:262.13,265.7 2 0
github.com/siyul-park/uniflow/pkg/database/memdb/index.go:266.6,266.26 1 0
github.com/siyul-park/uniflow/pkg/database/memdb/index.go:270.4,270.14 1 15
github.com/siyul-park/uniflow/pkg/database/memdb/index.go:271.19,274.4 2 0
github.com/siyul-park/uniflow/pkg/database/memdb/index.go:277.2,277.12 1 15
github.com/siyul-park/uniflow/pkg/database/memdb/index.go:280.77,282.9 2 6
github.com/siyul-park/uniflow/pkg/database/memdb/index.go:282.9,284.3 1 0
github.com/siyul-park/uniflow/pkg/database/memdb/index.go:286.2,286.34 1 6
github.com/siyul-park/uniflow/pkg/database/memdb/index.go:286.34,287.26 1 6
github.com/siyul-park/uniflow/pkg/database/memdb/index.go:287.26,290.40 2 6
github.com/siyul-park/uniflow/pkg/database/memdb/index.go:290.40,292.5 1 0
github.com/siyul-park/uniflow/pkg/database/memdb/index.go:294.4,299.33 5 6
github.com/siyul-park/uniflow/pkg/database/memdb/index.go:299.33,302.30 2 6
github.com/siyul-park/uniflow/pkg/database/memdb/index.go:302.30,303.38 1 0
github.com/siyul-park/uniflow/pkg/database/memdb/index.go:303.38,308.7 3 0
github.com/siyul-park/uniflow/pkg/database/memdb/index.go:308.12,310.7 1 0
github.com/siyul-park/uniflow/pkg/database/memdb/index.go:311.11,311.28 1 6
github.com/siyul-park/uniflow/pkg/database/memdb/index.go:311.28,312.87 1 6
github.com/siyul-park/uniflow/pkg/database/memdb/index.go:312.87,314.7 1 6
github.com/siyul-park/uniflow/pkg/database/memdb/index.go:315.11,316.36 1 0
github.com/siyul-park/uniflow/pkg/database/memdb/index.go:316.36,320.7 3 0
github.com/siyul-park/uniflow/pkg/database/memdb/index.go:324.4,324.41 1 6
github.com/siyul-park/uniflow/pkg/database/memdb/index.go:324.41,327.30 2 6
github.com/siyul-park/uniflow/pkg/database/memdb/index.go:327.30,331.40 3 0
github.com/siyul-park/uniflow/pkg/database/memdb/index.go:331.40,333.7 1 0
github.com/siyul-park/uniflow/pkg/database/memdb/index.go:337.4,337.14 1 6
github.com/siyul-park/uniflow/pkg/database/memdb/index.go:338.19,340.4 1 0
github.com/siyul-park/uniflow/pkg/database/memdb/index.go:343.2,343.12 1 6
github.com/siyul-park/uniflow/pkg/database/memdb/sort.go:8.71,9.40 1 0
github.com/siyul-park/uniflow/pkg/database/memdb/sort.go:9.40,10.27 1 0
github.com/siyul-park/uniflow/pkg/database/memdb/sort.go:10.27,14.14 3 0
github.com/siyul-park/uniflow/pkg/database/memdb/sort.go:14.14,15.13 1 0
github.com/siyul-park/uniflow/pkg/database/memdb/sort.go:16.10,16.23 1 0
github.com/siyul-park/uniflow/pkg/database/memdb/sort.go:16.23,18.5 1 0
github.com/siyul-park/uniflow/pkg/database/memdb/sort.go:18.10,18.23 1 0
github.com/siyul-park/uniflow/pkg/database/memdb/sort.go:18.23,20.5 1 0
github.com/siyul-park/uniflow/pkg/database/memdb/sort.go:22.4,23.14 2 0
github.com/siyul-park/uniflow/pkg/database/memdb/sort.go:23.14,24.13 1 0
github.com/siyul-park/uniflow/pkg/database/memdb/sort.go:27.4,27.37 1 0
github.com/siyul-park/uniflow/pkg/database/memdb/sort.go:27.37,29.5 1 0
github.com/siyul-park/uniflow/pkg/database/memdb/sort.go:30.4,30.16 1 0
github.com/siyul-park/uniflow/pkg/database/memdb/sort.go:32.3,32.15 1 0
github.com/siyul-park/uniflow/pkg/database/memdb/stream.go:19.26,28.12 2 1
github.com/siyul-park/uniflow/pkg/database/memdb/stream.go:28.12,29.16 1 1
github.com/siyul-park/uniflow/pkg/database/memdb/stream.go:29.16,29.36 1 1
github.com/siyul-park/uniflow/pkg/database/memdb/stream.go:31.3,31.7 1 1
github.com/siyul-park/uniflow/pkg/database/memdb/stream.go:31.7,32.11 1 1
github.com/siyul-park/uniflow/pkg/database/memdb/stream.go:33.18,34.11 1 1
github.com/siyul-park/uniflow/pkg/database/memdb/stream.go:35.18,36.39 1 0
github.com/siyul-park/uniflow/pkg/database/memdb/stream.go:36.39,43.6 5 0
github.com/siyul-park/uniflow/pkg/database/memdb/stream.go:45.5,45.34 1 0
github.com/siyul-park/uniflow/pkg/database/memdb/stream.go:45.34,46.13 1 0
github.com/siyul-park/uniflow/pkg/database/memdb/stream.go:47.20,48.13 1 0
github.com/siyul-park/uniflow/pkg/database/memdb/stream.go:49.30,49.30 0 0
github.com/siyul-park/uniflow/pkg/database/memdb/stream.go:56.2,56.10 1 1
github.com/siyul-park/uniflow/pkg/database/memdb/stream.go:59.47,61.2 1 1
github.com/siyul-park/uniflow/pkg/database/memdb/stream.go:63.41,65.2 1 1
github.com/siyul-park/uniflow/pkg/database/memdb/stream.go:67.32,71.9 3 1
github.com/siyul-park/uniflow/pkg/database/memdb/stream.go:72.16,73.13 1 0
github.com/siyul-park/uniflow/pkg/database/memdb/stream.go:74.10,74.10 0 1
github.com/siyul-park/uniflow/pkg/database/memdb/stream.go:77.2,80.12 3 1
github.com/siyul-park/uniflow/pkg/database/memdb/stream.go:83.45,87.9 3 3
github.com/siyul-park/uniflow/pkg/database/memdb/stream.go:88.16,88.16 0 0
github.com/siyul-park/uniflow/pkg/database/memdb/stream.go:89.10,91.11 2 3
github.com/siyul-park/uniflow/pkg/database/memdb/stream.go:95.25,96.12 1 3
github.com/siyul-park/uniflow/pkg/database/memdb/stream.go:96.12,97.10 1 3
github.com/siyul-park/uniflow/pkg/database/memdb/stream.go:98.17,98.17 0 3
github.com/siyul-park/uniflow/pkg/database/memdb/stream.go:99.11,100.24 1 0
github.com/siyul-park/uniflow/pkg/hook/builder.go:7.53,9.2 1 2
github.com/siyul-park/uniflow/pkg/hook/builder.go:12.44,13.22 1 1
github.com/siyul-park/uniflow/pkg/hook/builder.go:13.22,14.30 1 1
github.com/siyul-park/uniflow/pkg/hook/builder.go:14.30,16.4 1 0
github.com/siyul-park/uniflow/pkg/hook/builder.go:18.2,18.12 1 1
github.com/siyul-park/uniflow/pkg/hook/builder.go:22.56,24.2 1 2
github.com/siyul-park/uniflow/pkg/hook/builder.go:27.41,29.40 2 0
github.com/siyul-park/uniflow/pkg/hook/builder.go:29.40,31.3 1 0
github.com/siyul-park/uniflow/pkg/hook/builder.go:32.2,32.15 1 0
github.com/siyul-park/uniflow/pkg/hook/hook.go:21.18,23.2 1 3
github.com/siyul-park/uniflow/pkg/hook/hook.go:26.50,31.2 3 1
github.com/siyul-park/uniflow/pkg/hook/hook.go:34.54,39.2 3 1
github.com/siyul-park/uniflow/pkg/hook/hook.go:42.40,46.35 3 1
github.com/siyul-park/uniflow/pkg/hook/hook.go:46.35,47.38 1 1
github.com/siyul-park/uniflow/pkg/hook/hook.go:47.38,49.4 1 0
github.com/siyul-park/uniflow/pkg/hook/hook.go:51.2,51.12 1 1
github.com/siyul-park/uniflow/pkg/hook/hook.go:55.42,59.37 3 1
github.com/siyul-park/uniflow/pkg/hook/hook.go:59.37,60.40 1 1
github.com/siyul-park/uniflow/pkg/hook/hook.go:60.40,62.4 1 0
github.com/siyul-park/uniflow/pkg/hook/hook.go:64.2,64.12 1 1
github.com/siyul-park/uniflow/pkg/encoding/decoder.go:11.80,11.94 1 0
github.com/siyul-park/uniflow/pkg/encoding/decoder.go:14.63,16.2 1 1
github.com/siyul-park/uniflow/pkg/encoding/encoder.go:11.74,11.93 1 0
github.com/siyul-park/uniflow/pkg/encoding/encoder.go:14.58,16.2 1 1
github.com/siyul-park/uniflow/pkg/encoding/group.go:19.54,21.2 1 3
github.com/siyul-park/uniflow/pkg/encoding/group.go:24.57,29.2 3 2
github.com/siyul-park/uniflow/pkg/encoding/group.go:32.40,37.2 3 1
github.com/siyul-park/uniflow/pkg/encoding/group.go:40.58,45.37 4 1
github.com/siyul-park/uniflow/pkg/encoding/group.go:45.37,46.56 1 1
github.com/siyul-park/uniflow/pkg/encoding/group.go:46.56,48.4 1 1
github.com/siyul-park/uniflow/pkg/encoding/group.go:48.9,48.50 1 0
github.com/siyul-park/uniflow/pkg/encoding/group.go:48.50,50.4 1 0
github.com/siyul-park/uniflow/pkg/encoding/group.go:52.2,52.52 1 0
github.com/siyul-park/uniflow/pkg/encoding/group.go:65.54,67.2 1 3
github.com/siyul-park/uniflow/pkg/encoding/group.go:70.57,75.2 3 2
github.com/siyul-park/uniflow/pkg/encoding/group.go:78.40,83.2 3 1
github.com/siyul-park/uniflow/pkg/encoding/group.go:86.63,90.37 3 1
github.com/siyul-park/uniflow/pkg/encoding/group.go:90.37,91.56 1 1
github.com/siyul-park/uniflow/pkg/encoding/group.go:91.56,93.4 1 1
github.com/siyul-park/uniflow/pkg/encoding/group.go:93.9,93.50 1 0
github.com/siyul-park/uniflow/pkg/encoding/group.go:93.50,95.4 1 0
github.com/siyul-park/uniflow/pkg/encoding/group.go:97.2,97.46 1 0
github.com/siyul-park/uniflow/pkg/loader/loader.go:31.33,41.2 4 5
github.com/siyul-park/uniflow/pkg/loader/loader.go:47.86,54.21 5 6
github.com/siyul-park/uniflow/pkg/loader/loader.go:54.21,60.28 5 7
github.com/siyul-park/uniflow/pkg/loader/loader.go:60.28,61.27 1 7
github.com/siyul-park/uniflow/pkg/loader/loader.go:62.19,64.69 2 7
github.com/siyul-park/uniflow/pkg/loader/loader.go:65.16,67.68 2 0
github.com/siyul-park/uniflow/pkg/loader/loader.go:71.3,71.22 1 7
github.com/siyul-park/uniflow/pkg/loader/loader.go:71.22,73.4 1 1
github.com/siyul-park/uniflow/pkg/loader/loader.go:75.3,76.17 2 7
github.com/siyul-park/uniflow/pkg/loader/loader.go:76.17,78.4 1 0
github.com/siyul-park/uniflow/pkg/loader/loader.go:80.3,80.30 1 7
github.com/siyul-park/uniflow/pkg/loader/loader.go:80.30,82.28 2 6
github.com/siyul-park/uniflow/pkg/loader/loader.go:82.28,84.5 1 0
github.com/siyul-park/uniflow/pkg/loader/loader.go:86.4,86.23 1 6
github.com/siyul-park/uniflow/pkg/loader/loader.go:86.23,88.5 1 5
github.com/siyul-park/uniflow/pkg/loader/loader.go:90.4,90.53 1 6
github.com/siyul-park/uniflow/pkg/loader/loader.go:90.53,92.5 1 0
github.com/siyul-park/uniflow/pkg/loader/loader.go:92.10,92.25 1 6
github.com/siyul-park/uniflow/pkg/loader/loader.go:92.25,93.13 1 1
github.com/siyul-park/uniflow/pkg/loader/loader.go:96.4,96.46 1 5
github.com/siyul-park/uniflow/pkg/loader/loader.go:96.46,97.40 1 1
github.com/siyul-park/uniflow/pkg/loader/loader.go:97.40,98.38 1 1
github.com/siyul-park/uniflow/pkg/loader/loader.go:98.38,100.7 1 1
github.com/siyul-park/uniflow/pkg/loader/loader.go:100.12,100.36 1 0
github.com/siyul-park/uniflow/pkg/loader/loader.go:100.36,102.7 1 0
github.com/siyul-park/uniflow/pkg/loader/loader.go:107.3,107.34 1 7
github.com/siyul-park/uniflow/pkg/loader/loader.go:107.34,108.14 1 7
github.com/siyul-park/uniflow/pkg/loader/loader.go:108.14,110.12 2 1
github.com/siyul-park/uniflow/pkg/loader/loader.go:110.12,111.38 1 0
github.com/siyul-park/uniflow/pkg/loader/loader.go:111.38,112.64 1 0
github.com/siyul-park/uniflow/pkg/loader/loader.go:112.64,114.8 1 0
github.com/siyul-park/uniflow/pkg/loader/loader.go:118.5,118.28 1 1
github.com/siyul-park/uniflow/pkg/loader/loader.go:118.28,119.49 1 1
github.com/siyul-park/uniflow/pkg/loader/loader.go:119.49,121.7 1 0
github.com/siyul-park/uniflow/pkg/loader/loader.go:127.2,127.45 1 6
github.com/siyul-park/uniflow/pkg/loader/loader.go:127.45,129.3 1 1
github.com/siyul-park/uniflow/pkg/loader/loader.go:129.8,131.3 1 5
github.com/siyul-park/uniflow/pkg/loader/loader.go:137.74,143.24 4 1
github.com/siyul-park/uniflow/pkg/loader/loader.go:143.24,145.3 1 0
github.com/siyul-park/uniflow/pkg/loader/loader.go:147.2,148.16 2 1
github.com/siyul-park/uniflow/pkg/loader/loader.go:148.16,150.3 1 0
github.com/siyul-park/uniflow/pkg/loader/loader.go:152.2,153.29 2 1
github.com/siyul-park/uniflow/pkg/loader/loader.go:153.29,154.52 1 2
github.com/siyul-park/uniflow/pkg/loader/loader.go:154.52,156.4 1 0
github.com/siyul-park/uniflow/pkg/loader/loader.go:156.9,156.24 1 2
github.com/siyul-park/uniflow/pkg/loader/loader.go:156.24,158.4 1 2
github.com/siyul-park/uniflow/pkg/loader/loader.go:158.9,158.62 1 0
github.com/siyul-park/uniflow/pkg/loader/loader.go:158.62,160.4 1 0
github.com/siyul-park/uniflow/pkg/loader/loader.go:163.2,163.21 1 1
github.com/siyul-park/uniflow/pkg/loader/reconciler.go:29.57,36.2 1 1
github.com/siyul-park/uniflow/pkg/loader/reconciler.go:39.55,42.2 2 1
github.com/siyul-park/uniflow/pkg/loader/reconciler.go:45.59,47.16 2 1
github.com/siyul-park/uniflow/pkg/loader/reconciler.go:47.16,49.3 1 0
github.com/siyul-park/uniflow/pkg/loader/reconciler.go:51.2,51.6 1 1
github.com/siyul-park/uniflow/pkg/loader/reconciler.go:51.6,52.10 1 3
github.com/siyul-park/uniflow/pkg/loader/reconciler.go:53.17,54.14 1 1
github.com/siyul-park/uniflow/pkg/loader/reconciler.go:55.21,56.20 1 0
github.com/siyul-park/uniflow/pkg/loader/reconciler.go:57.24,59.18 2 1
github.com/siyul-park/uniflow/pkg/loader/reconciler.go:59.18,61.5 1 0
github.com/siyul-park/uniflow/pkg/loader/reconciler.go:62.37,63.11 1 1
github.com/siyul-park/uniflow/pkg/loader/reconciler.go:63.11,65.5 1 0
github.com/siyul-park/uniflow/pkg/loader/reconciler.go:67.4,67.65 1 1
github.com/siyul-park/uniflow/pkg/loader/reconciler.go:67.65,69.5 1 0
github.com/siyul-park/uniflow/pkg/loader/reconciler.go:75.36,79.9 3 1
github.com/siyul-park/uniflow/pkg/loader/reconciler.go:80.16,81.13 1 0
github.com/siyul-park/uniflow/pkg/loader/reconciler.go:82.10,82.10 0 1
github.com/siyul-park/uniflow/pkg/loader/reconciler.go:85.2,85.21 1 1
github.com/siyul-park/uniflow/pkg/loader/reconciler.go:85.21,87.3 1 0
github.com/siyul-park/uniflow/pkg/loader/reconciler.go:88.2,88.41 1 1
github.com/siyul-park/uniflow/pkg/loader/reconciler.go:88.41,90.3 1 0
github.com/siyul-park/uniflow/pkg/loader/reconciler.go:91.2,93.12 3 1
github.com/siyul-park/uniflow/pkg/loader/reconciler.go:96.74,100.21 3 3
github.com/siyul-park/uniflow/pkg/loader/reconciler.go:100.21,102.3 1 1
github.com/siyul-park/uniflow/pkg/loader/reconciler.go:104.2,105.23 2 2
github.com/siyul-park/uniflow/pkg/loader/reconciler.go:105.23,107.3 1 0
github.com/siyul-park/uniflow/pkg/loader/reconciler.go:108.2,109.16 2 2
github.com/siyul-park/uniflow/pkg/loader/reconciler.go:109.16,111.3 1 0
github.com/siyul-park/uniflow/pkg/loader/reconciler.go:113.2,113.12 1 2
github.com/siyul-park/uniflow/pkg/loader/reconciler.go:113.12,114.10 1 1
github.com/siyul-park/uniflow/pkg/loader/reconciler.go:115.19,119.21 3 1
github.com/siyul-park/uniflow/pkg/loader/reconciler.go:119.21,121.5 1 0
github.com/siyul-park/uniflow/pkg/loader/reconciler.go:122.17,123.10 1 0
github.com/siyul-park/uniflow/pkg/loader/reconciler.go:127.2,128.15 2 2
github.com/siyul-park/uniflow/pkg/node/onetomany.go:23.120,31.21 2 4
github.com/siyul-park/uniflow/pkg/node/onetomany.go:31.21,33.71 2 2
github.com/siyul-park/uniflow/pkg/node/onetomany.go:33.71,40.4 4 2
github.com/siyul-park/uniflow/pkg/node/onetomany.go:43.2,43.10 1 4
github.com/siyul-park/uniflow/pkg/node/onetomany.go:47.62,51.14 3 7
github.com/siyul-park/uniflow/pkg/node/onetomany.go:52.14,53.24 1 3
github.com/siyul-park/uniflow/pkg/node/onetomany.go:54.15,55.25 1 2
github.com/siyul-park/uniflow/pkg/node/onetomany.go:56.10,57.48 1 2
github.com/siyul-park/uniflow/pkg/node/onetomany.go:57.48,58.28 1 2
github.com/siyul-park/uniflow/pkg/node/onetomany.go:58.28,59.29 1 2
github.com/siyul-park/uniflow/pkg/node/onetomany.go:59.29,61.25 2 2
github.com/siyul-park/uniflow/pkg/node/onetomany.go:61.25,62.73 1 1
github.com/siyul-park/uniflow/pkg/node/onetomany.go:62.73,69.8 4 1
github.com/siyul-park/uniflow/pkg/node/onetomany.go:71.6,71.46 1 2
github.com/siyul-park/uniflow/pkg/node/onetomany.go:75.4,75.30 1 2
github.com/siyul-park/uniflow/pkg/node/onetomany.go:79.2,79.19 1 0
github.com/siyul-park/uniflow/pkg/node/onetomany.go:83.39,88.31 4 4
github.com/siyul-park/uniflow/pkg/node/onetomany.go:88.31,90.3 1 2
github.com/siyul-park/uniflow/pkg/node/onetomany.go:91.2,93.12 2 4
github.com/siyul-park/uniflow/pkg/node/onetomany.go:96.56,102.31 5 2
github.com/siyul-park/uniflow/pkg/node/onetomany.go:102.31,104.3 1 1
github.com/siyul-park/uniflow/pkg/node/onetomany.go:105.2,107.6 2 2
github.com/siyul-park/uniflow/pkg/node/onetomany.go:107.6,109.10 2 4
github.com/siyul-park/uniflow/pkg/node/onetomany.go:109.10,111.4 1 2
github.com/siyul-park/uniflow/pkg/node/onetomany.go:113.3,113.62 1 2
github.com/siyul-park/uniflow/pkg/node/onetomany.go:113.62,114.23 1 1
github.com/siyul-park/uniflow/pkg/node/onetomany.go:114.23,116.5 1 0
github.com/siyul-park/uniflow/pkg/node/onetomany.go:117.4,118.29 2 1
github.com/siyul-park/uniflow/pkg/node/onetomany.go:118.29,121.5 2 1
github.com/siyul-park/uniflow/pkg/node/onetomany.go:121.10,123.5 1 0
github.com/siyul-park/uniflow/pkg/node/onetomany.go:124.9,124.53 1 1
github.com/siyul-park/uniflow/pkg/node/onetomany.go:124.53,125.35 1 1
github.com/siyul-park/uniflow/pkg/node/onetomany.go:125.35,126.46 1 1
github.com/siyul-park/uniflow/pkg/node/onetomany.go:126.46,127.14 1 0
github.com/siyul-park/uniflow/pkg/node/onetomany.go:129.5,130.31 2 1
github.com/siyul-park/uniflow/pkg/node/onetomany.go:130.31,131.14 1 0
github.com/siyul-park/uniflow/pkg/node/onetomany.go:134.5,134.24 1 1
github.com/siyul-park/uniflow/pkg/node/onetomany.go:134.24,136.6 1 1
github.com/siyul-park/uniflow/pkg/node/onetomany.go:137.5,139.27 3 1
github.com/siyul-park/uniflow/pkg/node/onetomany.go:141.9,143.4 1 0
github.com/siyul-park/uniflow/pkg/node/onetomany.go:147.81,153.6 4 3
github.com/siyul-park/uniflow/pkg/node/onetomany.go:153.6,155.10 2 4
github.com/siyul-park/uniflow/pkg/node/onetomany.go:155.10,157.4 1 3
github.com/siyul-park/uniflow/pkg/node/onetomany.go:159.3,159.22 1 1
github.com/siyul-park/uniflow/pkg/node/onetomany.go:159.22,161.4 1 1
github.com/siyul-park/uniflow/pkg/node/onetomany.go:163.3,163.65 1 1
github.com/siyul-park/uniflow/pkg/node/onetomany.go:163.65,165.4 1 1
github.com/siyul-park/uniflow/pkg/node/onetoone.go:24.116,33.21 2 6
github.com/siyul-park/uniflow/pkg/node/onetoone.go:33.21,34.70 1 4
github.com/siyul-park/uniflow/pkg/node/onetoone.go:34.70,41.4 4 3
github.com/siyul-park/uniflow/pkg/node/onetoone.go:42.3,42.70 1 4
github.com/siyul-park/uniflow/pkg/node/onetoone.go:42.70,50.4 5 2
github.com/siyul-park/uniflow/pkg/node/onetoone.go:51.3,51.71 1 4
github.com/siyul-park/uniflow/pkg/node/onetoone.go:51.71,58.4 4 2
github.com/siyul-park/uniflow/pkg/node/onetoone.go:59.3,59.71 1 4
github.com/siyul-park/uniflow/pkg/node/onetoone.go:59.71,66.4 4 4
github.com/siyul-park/uniflow/pkg/node/onetoone.go:69.2,69.10 1 6
github.com/siyul-park/uniflow/pkg/node/onetoone.go:73.61,77.14 3 11
github.com/siyul-park/uniflow/pkg/node/onetoone.go:78.14,79.24 1 3
github.com/siyul-park/uniflow/pkg/node/onetoone.go:80.14,81.24 1 3
github.com/siyul-park/uniflow/pkg/node/onetoone.go:82.15,83.25 1 2
github.com/siyul-park/uniflow/pkg/node/onetoone.go:84.15,85.25 1 3
github.com/siyul-park/uniflow/pkg/node/onetoone.go:86.10,86.10 0 0
github.com/siyul-park/uniflow/pkg/node/onetoone.go:89.2,89.19 1 0
github.com/siyul-park/uniflow/pkg/node/onetoone.go:93.38,103.2 7 6
github.com/siyul-park/uniflow/pkg/node/onetoone.go:105.89,111.6 4 5
github.com/siyul-park/uniflow/pkg/node/onetoone.go:111.6,113.10 2 9
github.com/siyul-park/uniflow/pkg/node/onetoone.go:113.10,115.4 1 5
github.com/siyul-park/uniflow/pkg/node/onetoone.go:117.3,117.61 1 4
github.com/siyul-park/uniflow/pkg/node/onetoone.go:117.61,118.23 1 2
github.com/siyul-park/uniflow/pkg/node/onetoone.go:118.23,120.5 1 0
github.com/siyul-park/uniflow/pkg/node/onetoone.go:121.4,122.29 2 2
github.com/siyul-park/uniflow/pkg/node/onetoone.go:122.29,125.5 2 2
github.com/siyul-park/uniflow/pkg/node/onetoone.go:125.10,127.5 1 0
github.com/siyul-park/uniflow/pkg/node/onetoone.go:128.9,128.52 1 2
github.com/siyul-park/uniflow/pkg/node/onetoone.go:128.52,129.23 1 2
github.com/siyul-park/uniflow/pkg/node/onetoone.go:129.23,131.5 1 2
github.com/siyul-park/uniflow/pkg/node/onetoone.go:132.4,133.29 2 2
github.com/siyul-park/uniflow/pkg/node/onetoone.go:133.29,136.5 2 1
github.com/siyul-park/uniflow/pkg/node/onetoone.go:136.10,138.5 1 1
github.com/siyul-park/uniflow/pkg/node/onetoone.go:139.9,141.4 1 0
github.com/siyul-park/uniflow/pkg/node/onetoone.go:145.80,152.6 5 6
github.com/siyul-park/uniflow/pkg/node/onetoone.go:152.6,154.10 2 7
github.com/siyul-park/uniflow/pkg/node/onetoone.go:154.10,156.4 1 6
github.com/siyul-park/uniflow/pkg/node/onetoone.go:158.3,158.22 1 1
github.com/siyul-park/uniflow/pkg/node/onetoone.go:158.22,160.4 1 1
github.com/siyul-park/uniflow/pkg/node/onetoone.go:161.3,161.22 1 1
github.com/siyul-park/uniflow/pkg/node/onetoone.go:161.22,163.4 1 1
github.com/siyul-park/uniflow/pkg/node/onetoone.go:165.3,165.65 1 1
github.com/siyul-park/uniflow/pkg/node/onetoone.go:165.65,167.4 1 0
github.com/siyul-park/uniflow/pkg/node/onetoone.go:167.9,167.72 1 1
github.com/siyul-park/uniflow/pkg/node/onetoone.go:167.72,169.4 1 1
github.com/siyul-park/uniflow/pkg/packet/error.go:17.50,23.18 2 2
github.com/siyul-park/uniflow/pkg/packet/error.go:23.18,25.3 1 2
github.com/siyul-park/uniflow/pkg/packet/error.go:27.2,27.40 1 2
github.com/siyul-park/uniflow/pkg/packet/error.go:33.41,36.9 3 1
github.com/siyul-park/uniflow/pkg/packet/error.go:36.9,38.3 1 0
github.com/siyul-park/uniflow/pkg/packet/error.go:39.2,39.30 1 1
github.com/siyul-park/uniflow/pkg/packet/packet.go:16.43,21.2 1 5
github.com/siyul-park/uniflow/pkg/packet/packet.go:24.33,26.2 1 2
github.com/siyul-park/uniflow/pkg/packet/packet.go:29.44,31.2 1 5
github.com/siyul-park/uniflow/pkg/port/array.go:10.57,12.16 2 1
github.com/siyul-park/uniflow/pkg/port/array.go:12.16,14.3 1 0
github.com/siyul-park/uniflow/pkg/port/array.go:15.2,16.22 2 1
github.com/siyul-park/uniflow/pkg/port/array.go:16.22,18.3 1 0
github.com/siyul-park/uniflow/pkg/port/array.go:19.2,20.16 2 1
github.com/siyul-park/uniflow/pkg/port/array.go:20.16,22.3 1 0
github.com/siyul-park/uniflow/pkg/port/array.go:23.2,23.20 1 1
github.com/siyul-park/uniflow/pkg/port/array.go:27.48,29.2 1 1
github.com/siyul-park/uniflow/pkg/port/inithook.go:16.60,16.61 0 0
github.com/siyul-park/uniflow/pkg/port/inithook.go:19.51,21.2 1 0
github.com/siyul-park/uniflow/pkg/port/pipe.go:18.30,26.12 2 19
github.com/siyul-park/uniflow/pkg/port/pipe.go:26.12,31.7 3 19
github.com/siyul-park/uniflow/pkg/port/pipe.go:31.7,33.11 2 26
github.com/siyul-park/uniflow/pkg/port/pipe.go:33.11,34.15 1 14
github.com/siyul-park/uniflow/pkg/port/pipe.go:36.4,36.11 1 7
github.com/siyul-park/uniflow/pkg/port/pipe.go:37.25,38.13 1 1
github.com/siyul-park/uniflow/pkg/port/pipe.go:39.12,39.12 0 6
github.com/siyul-park/uniflow/pkg/port/pipe.go:41.4,42.24 2 6
github.com/siyul-park/uniflow/pkg/port/pipe.go:42.24,43.12 1 8
github.com/siyul-park/uniflow/pkg/port/pipe.go:44.31,45.13 1 1
github.com/siyul-park/uniflow/pkg/port/pipe.go:45.13,46.17 1 0
github.com/siyul-park/uniflow/pkg/port/pipe.go:48.6,48.37 1 1
github.com/siyul-park/uniflow/pkg/port/pipe.go:50.29,51.25 1 7
github.com/siyul-park/uniflow/pkg/port/pipe.go:55.3,55.23 1 14
github.com/siyul-park/uniflow/pkg/port/pipe.go:55.23,58.4 2 0
github.com/siyul-park/uniflow/pkg/port/pipe.go:61.2,61.10 1 19
github.com/siyul-park/uniflow/pkg/port/pipe.go:65.52,67.2 1 14
github.com/siyul-park/uniflow/pkg/port/pipe.go:70.43,72.2 1 14
github.com/siyul-park/uniflow/pkg/port/pipe.go:76.28,80.9 3 21
github.com/siyul-park/uniflow/pkg/port/pipe.go:81.16,82.9 1 7
github.com/siyul-park/uniflow/pkg/port/pipe.go:83.10,83.10 0 14
github.com/siyul-park/uniflow/pkg/port/pipe.go:86.2,87.13 2 14
github.com/siyul-park/uniflow/pkg/port/pipe.go:91.45,95.9 3 8
github.com/siyul-park/uniflow/pkg/port/pipe.go:96.16,96.16 0 0
github.com/siyul-park/uniflow/pkg/port/pipe.go:97.10,98.14 1 8
github.com/siyul-park/uniflow/pkg/port/pipe.go:110.32,116.2 1 18
github.com/siyul-park/uniflow/pkg/port/pipe.go:119.46,124.28 4 13
github.com/siyul-park/uniflow/pkg/port/pipe.go:124.28,127.13 3 8
github.com/siyul-park/uniflow/pkg/port/pipe.go:127.13,130.4 2 8
github.com/siyul-park/uniflow/pkg/port/pipe.go:132.2,132.11 1 13
github.com/siyul-park/uniflow/pkg/port/pipe.go:136.42,140.28 3 12
github.com/siyul-park/uniflow/pkg/port/pipe.go:140.28,141.16 1 1
github.com/siyul-park/uniflow/pkg/port/pipe.go:141.16,143.4 1 0
github.com/siyul-park/uniflow/pkg/port/pipe.go:146.2,148.12 2 12
github.com/siyul-park/uniflow/pkg/port/pipe.go:148.12,149.10 1 12
github.com/siyul-park/uniflow/pkg/port/pipe.go:150.19,151.16 1 6
github.com/siyul-park/uniflow/pkg/port/pipe.go:152.22,153.18 1 2
github.com/siyul-park/uniflow/pkg/port/pipe.go:159.44,163.28 3 5
github.com/siyul-park/uniflow/pkg/port/pipe.go:163.28,164.16 1 3
github.com/siyul-park/uniflow/pkg/port/pipe.go:164.16,167.4 2 3
github.com/siyul-park/uniflow/pkg/port/pipe.go:172.44,174.2 1 14
github.com/siyul-park/uniflow/pkg/port/pipe.go:178.29,182.9 3 15
github.com/siyul-park/uniflow/pkg/port/pipe.go:183.16,184.9 1 2
github.com/siyul-park/uniflow/pkg/port/pipe.go:185.10,185.10 0 13
github.com/siyul-park/uniflow/pkg/port/pipe.go:188.2,189.15 2 13
github.com/siyul-park/uniflow/pkg/port/port.go:19.18,24.2 1 9
github.com/siyul-park/uniflow/pkg/port/port.go:27.43,32.2 3 0
github.com/siyul-park/uniflow/pkg/port/port.go:35.33,38.2 2 3
github.com/siyul-park/uniflow/pkg/port/port.go:41.35,44.2 2 1
github.com/siyul-park/uniflow/pkg/port/port.go:47.28,52.2 3 4
github.com/siyul-park/uniflow/pkg/port/port.go:57.52,58.9 1 9
github.com/siyul-park/uniflow/pkg/port/port.go:59.21,62.16 3 1
github.com/siyul-park/uniflow/pkg/port/port.go:63.18,66.16 3 0
github.com/siyul-park/uniflow/pkg/port/port.go:67.10,68.43 1 8
github.com/siyul-park/uniflow/pkg/port/port.go:68.43,74.4 4 8
github.com/siyul-park/uniflow/pkg/port/port.go:74.11,76.4 1 2
github.com/siyul-park/uniflow/pkg/port/port.go:78.3,78.40 1 6
github.com/siyul-park/uniflow/pkg/port/port.go:78.40,83.10 4 6
github.com/siyul-park/uniflow/pkg/port/port.go:83.10,85.5 1 0
github.com/siyul-park/uniflow/pkg/port/port.go:86.4,88.24 3 6
github.com/siyul-park/uniflow/pkg/port/port.go:90.3,90.9 1 6
github.com/siyul-park/uniflow/pkg/port/port.go:90.9,92.4 1 0
github.com/siyul-park/uniflow/pkg/port/port.go:94.3,99.30 5 6
github.com/siyul-park/uniflow/pkg/port/port.go:99.30,101.4 1 2
github.com/siyul-park/uniflow/pkg/port/port.go:103.3,103.13 1 6
github.com/siyul-park/uniflow/pkg/port/port.go:103.13,104.11 1 6
github.com/siyul-park/uniflow/pkg/port/port.go:105.20,105.20 0 0
github.com/siyul-park/uniflow/pkg/port/port.go:106.23,112.19 4 1
github.com/siyul-park/uniflow/pkg/port/port.go:113.25,117.28 3 5
github.com/siyul-park/uniflow/pkg/port/port.go:121.3,121.30 1 6
github.com/siyul-park/uniflow/pkg/port/port.go:121.30,123.14 2 0
github.com/siyul-park/uniflow/pkg/port/port.go:123.14,123.33 1 0
github.com/siyul-park/uniflow/pkg/port/port.go:126.3,126.16 1 6
github.com/siyul-park/uniflow/pkg/port/port.go:131.39,133.2 1 28
github.com/siyul-park/uniflow/pkg/port/port.go:137.24,141.9 3 10
github.com/siyul-park/uniflow/pkg/port/port.go:142.16,143.9 1 1
github.com/siyul-park/uniflow/pkg/port/port.go:144.10,144.10 0 9
github.com/siyul-park/uniflow/pkg/port/port.go:147.2,147.35 1 9
github.com/siyul-park/uniflow/pkg/port/port.go:147.35,149.3 1 5
github.com/siyul-park/uniflow/pkg/port/port.go:151.2,156.15 4 9
github.com/siyul-park/uniflow/pkg/port/port.go:159.33,160.15 1 6
github.com/siyul-park/uniflow/pkg/port/port.go:160.15,162.3 1 0
github.com/siyul-park/uniflow/pkg/port/port.go:164.2,164.23 1 6
github.com/siyul-park/uniflow/pkg/port/port.go:164.23,168.32 3 6
github.com/siyul-park/uniflow/pkg/port/port.go:168.32,169.20 1 0
github.com/siyul-park/uniflow/pkg/port/port.go:169.20,171.5 1 0
github.com/siyul-park/uniflow/pkg/port/port.go:174.3,175.14 2 6
github.com/siyul-park/uniflow/pkg/port/port.go:176.11,178.3 1 0
github.com/siyul-park/uniflow/pkg/port/port.go:180.2,180.12 1 6
github.com/siyul-park/uniflow/pkg/port/port.go:180.12,181.10 1 6
github.com/siyul-park/uniflow/pkg/port/port.go:182.19,183.10 1 2
github.com/siyul-park/uniflow/pkg/port/port.go:184.22,185.18 1 4
github.com/siyul-park/uniflow/pkg/port/port.go:190.35,194.31 3 6
github.com/siyul-park/uniflow/pkg/port/port.go:194.31,195.19 1 2
github.com/siyul-park/uniflow/pkg/port/port.go:195.19,197.9 2 2
github.com/siyul-park/uniflow/pkg/port/stream.go:21.26,28.2 1 12
github.com/siyul-park/uniflow/pkg/port/stream.go:31.33,35.2 3 0
github.com/siyul-park/uniflow/pkg/port/stream.go:38.43,40.2 1 6
github.com/siyul-park/uniflow/pkg/port/stream.go:43.50,45.2 1 6
github.com/siyul-park/uniflow/pkg/port/stream.go:48.39,51.2 2 4
github.com/siyul-park/uniflow/pkg/port/stream.go:54.41,57.2 2 1
github.com/siyul-park/uniflow/pkg/port/stream.go:60.30,64.2 3 0
github.com/siyul-park/uniflow/pkg/port/stream.go:67.41,69.2 1 10
github.com/siyul-park/uniflow/pkg/port/stream.go:72.26,76.9 3 7
github.com/siyul-park/uniflow/pkg/port/stream.go:77.16,78.9 1 0
github.com/siyul-park/uniflow/pkg/port/stream.go:79.10,79.10 0 7
github.com/siyul-park/uniflow/pkg/port/stream.go:81.2,84.17 3 7
github.com/siyul-park/uniflow/pkg/port/stream.go:88.39,89.17 1 8
github.com/siyul-park/uniflow/pkg/port/stream.go:89.17,91.3 1 0
github.com/siyul-park/uniflow/pkg/port/stream.go:93.2,96.31 3 8
github.com/siyul-park/uniflow/pkg/port/stream.go:96.31,97.21 1 2
github.com/siyul-park/uniflow/pkg/port/stream.go:97.21,99.4 1 2
github.com/siyul-park/uniflow/pkg/port/stream.go:102.2,103.27 2 6
github.com/siyul-park/uniflow/pkg/port/stream.go:107.41,111.31 3 2
github.com/siyul-park/uniflow/pkg/port/stream.go:111.31,112.21 1 2
github.com/siyul-park/uniflow/pkg/port/stream.go:112.21,115.9 3 2
github.com/siyul-park/uniflow/pkg/process/process.go:19.21,26.2 1 4
github.com/siyul-park/uniflow/pkg/process/process.go:29.34,34.2 3 1
github.com/siyul-park/uniflow/pkg/process/process.go:37.34,42.2 3 1
github.com/siyul-park/uniflow/pkg/process/process.go:45.31,50.2 3 0
github.com/siyul-park/uniflow/pkg/process/process.go:53.42,55.2 1 2
github.com/siyul-park/uniflow/pkg/process/process.go:58.35,62.9 3 4
github.com/siyul-park/uniflow/pkg/process/process.go:63.16,64.9 1 0
github.com/siyul-park/uniflow/pkg/process/process.go:65.10,65.10 0 4
github.com/siyul-park/uniflow/pkg/process/process.go:68.2,70.17 3 4
github.com/siyul-park/uniflow/pkg/process/stack.go:20.24,27.2 1 9
github.com/siyul-park/uniflow/pkg/process/stack.go:30.44,34.18 3 6
github.com/siyul-park/uniflow/pkg/process/stack.go:34.18,36.3 1 0
github.com/siyul-park/uniflow/pkg/process/stack.go:38.2,38.39 1 6
github.com/siyul-park/uniflow/pkg/process/stack.go:38.39,40.3 1 0
github.com/siyul-park/uniflow/pkg/process/stack.go:42.2,42.36 1 6
github.com/siyul-park/uniflow/pkg/process/stack.go:42.36,43.18 1 0
github.com/siyul-park/uniflow/pkg/process/stack.go:43.18,45.4 1 0
github.com/siyul-park/uniflow/pkg/process/stack.go:48.2,49.47 2 6
github.com/siyul-park/uniflow/pkg/process/stack.go:53.46,57.18 3 0
github.com/siyul-park/uniflow/pkg/process/stack.go:57.18,59.3 1 0
github.com/siyul-park/uniflow/pkg/process/stack.go:61.2,61.39 1 0
github.com/siyul-park/uniflow/pkg/process/stack.go:61.39,63.3 1 0
github.com/siyul-park/uniflow/pkg/process/stack.go:65.2,65.36 1 0
github.com/siyul-park/uniflow/pkg/process/stack.go:65.36,66.18 1 0
github.com/siyul-park/uniflow/pkg/process/stack.go:66.18,68.31 2 0
github.com/siyul-park/uniflow/pkg/process/stack.go:68.31,70.5 1 0
github.com/siyul-park/uniflow/pkg/process/stack.go:71.4,71.10 1 0
github.com/siyul-park/uniflow/pkg/process/stack.go:74.2,74.37 1 0
github.com/siyul-park/uniflow/pkg/process/stack.go:74.37,75.18 1 0
github.com/siyul-park/uniflow/pkg/process/stack.go:75.18,77.32 2 0
github.com/siyul-park/uniflow/pkg/process/stack.go:77.32,79.5 1 0
github.com/siyul-park/uniflow/pkg/process/stack.go:80.4,80.10 1 0
github.com/siyul-park/uniflow/pkg/process/stack.go:86.44,90.21 3 10
github.com/siyul-park/uniflow/pkg/process/stack.go:90.21,92.3 1 0
github.com/siyul-park/uniflow/pkg/process/stack.go:93.2,94.16 2 10
github.com/siyul-park/uniflow/pkg/process/stack.go:98.61,102.76 3 8
github.com/siyul-park/uniflow/pkg/process/stack.go:102.76,104.3 1 0
github.com/siyul-park/uniflow/pkg/process/stack.go:106.2,107.9 2 8
github.com/siyul-park/uniflow/pkg/process/stack.go:107.9,109.3 1 3
github.com/siyul-park/uniflow/pkg/process/stack.go:111.2,112.6 2 8
github.com/siyul-park/uniflow/pkg/process/stack.go:112.6,113.30 1 10
github.com/siyul-park/uniflow/pkg/process/stack.go:113.30,114.61 1 10
github.com/siyul-park/uniflow/pkg/process/stack.go:114.61,115.13 1 0
github.com/siyul-park/uniflow/pkg/process/stack.go:117.4,119.46 2 10
github.com/siyul-park/uniflow/pkg/process/stack.go:119.46,124.5 3 2
github.com/siyul-park/uniflow/pkg/process/stack.go:127.3,128.30 2 10
github.com/siyul-park/uniflow/pkg/process/stack.go:128.30,129.34 1 10
github.com/siyul-park/uniflow/pkg/process/stack.go:129.34,131.10 2 2
github.com/siyul-park/uniflow/pkg/process/stack.go:134.3,134.12 1 10
github.com/siyul-park/uniflow/pkg/process/stack.go:134.12,135.9 1 8
github.com/siyul-park/uniflow/pkg/process/stack.go:138.2,138.20 1 8
github.com/siyul-park/uniflow/pkg/process/stack.go:138.20,140.3 1 8
github.com/siyul-park/uniflow/pkg/process/stack.go:142.2,142.29 1 8
github.com/siyul-park/uniflow/pkg/process/stack.go:142.29,144.56 2 8
github.com/siyul-park/uniflow/pkg/process/stack.go:144.56,148.32 3 6
github.com/siyul-park/uniflow/pkg/process/stack.go:148.32,155.31 5 4
github.com/siyul-park/uniflow/pkg/process/stack.go:155.31,157.6 1 2
github.com/siyul-park/uniflow/pkg/process/stack.go:159.5,159.18 1 4
github.com/siyul-park/uniflow/pkg/process/stack.go:162.4,163.21 2 6
github.com/siyul-park/uniflow/pkg/process/stack.go:167.2,167.27 1 2
github.com/siyul-park/uniflow/pkg/process/stack.go:171.38,175.76 3 1
github.com/siyul-park/uniflow/pkg/process/stack.go:175.76,177.3 1 0
github.com/siyul-park/uniflow/pkg/process/stack.go:179.2,180.9 2 1
github.com/siyul-park/uniflow/pkg/process/stack.go:180.9,182.3 1 1
github.com/siyul-park/uniflow/pkg/process/stack.go:184.2,185.6 2 1
github.com/siyul-park/uniflow/pkg/process/stack.go:185.6,186.30 1 3
github.com/siyul-park/uniflow/pkg/process/stack.go:186.30,187.61 1 3
github.com/siyul-park/uniflow/pkg/process/stack.go:187.61,188.13 1 0
github.com/siyul-park/uniflow/pkg/process/stack.go:190.4,195.32 4 3
github.com/siyul-park/uniflow/pkg/process/stack.go:195.32,196.30 1 1
github.com/siyul-park/uniflow/pkg/process/stack.go:196.30,198.6 1 0
github.com/siyul-park/uniflow/pkg/process/stack.go:200.5,203.18 3 1
github.com/siyul-park/uniflow/pkg/process/stack.go:207.3,208.30 2 3
github.com/siyul-park/uniflow/pkg/process/stack.go:208.30,209.34 1 2
github.com/siyul-park/uniflow/pkg/process/stack.go:209.34,211.10 2 2
github.com/siyul-park/uniflow/pkg/process/stack.go:214.3,214.12 1 3
github.com/siyul-park/uniflow/pkg/process/stack.go:214.12,215.9 1 1
github.com/siyul-park/uniflow/pkg/process/stack.go:221.40,225.76 3 4
github.com/siyul-park/uniflow/pkg/process/stack.go:225.76,227.3 1 0
github.com/siyul-park/uniflow/pkg/process/stack.go:229.2,230.9 2 4
github.com/siyul-park/uniflow/pkg/process/stack.go:230.9,232.3 1 4
github.com/siyul-park/uniflow/pkg/process/stack.go:234.2,236.6 3 4
github.com/siyul-park/uniflow/pkg/process/stack.go:236.6,237.30 1 5
github.com/siyul-park/uniflow/pkg/process/stack.go:237.30,238.33 1 5
github.com/siyul-park/uniflow/pkg/process/stack.go:238.33,239.13 1 0
github.com/siyul-park/uniflow/pkg/process/stack.go:241.4,246.32 4 5
github.com/siyul-park/uniflow/pkg/process/stack.go:249.3,250.30 2 5
github.com/siyul-park/uniflow/pkg/process/stack.go:250.30,251.34 1 1
github.com/siyul-park/uniflow/pkg/process/stack.go:251.34,253.10 2 1
github.com/siyul-park/uniflow/pkg/process/stack.go:256.3,256.12 1 5
github.com/siyul-park/uniflow/pkg/process/stack.go:256.12,257.9 1 4
github.com/siyul-park/uniflow/pkg/process/stack.go:261.2,261.14 1 4
github.com/siyul-park/uniflow/pkg/process/stack.go:265.24,268.2 2 2
github.com/siyul-park/uniflow/pkg/process/stack.go:271.25,275.34 3 9
github.com/siyul-park/uniflow/pkg/process/stack.go:275.34,276.20 1 3
github.com/siyul-park/uniflow/pkg/process/stack.go:276.20,278.4 1 4
github.com/siyul-park/uniflow/pkg/process/stack.go:281.2,283.15 3 9
github.com/siyul-park/uniflow/pkg/process/stack.go:286.51,287.56 1 15
github.com/siyul-park/uniflow/pkg/process/stack.go:287.56,289.3 1 6
github.com/siyul-park/uniflow/pkg/process/stack.go:291.2,291.37 1 9
github.com/siyul-park/uniflow/pkg/process/stack.go:291.37,292.38 1 5
github.com/siyul-park/uniflow/pkg/process/stack.go:292.38,293.19 1 6
github.com/siyul-park/uniflow/pkg/process/stack.go:293.19,295.33 2 5
github.com/siyul-park/uniflow/pkg/process/stack.go:295.33,297.6 1 4
github.com/siyul-park/uniflow/pkg/process/stack.go:301.2,304.14 3 9
github.com/siyul-park/uniflow/pkg/runtime/runtime.go:33.64,34.25 1 3
github.com/siyul-park/uniflow/pkg/runtime/runtime.go:34.25,36.3 1 3
github.com/siyul-park/uniflow/pkg/runtime/runtime.go:37.2,37.26 1 3
github.com/siyul-park/uniflow/pkg/runtime/runtime.go:37.26,39.3 1 0
github.com/siyul-park/uniflow/pkg/runtime/runtime.go:40.2,40.28 1 3
github.com/siyul-park/uniflow/pkg/runtime/runtime.go:40.28,42.3 1 0
github.com/siyul-park/uniflow/pkg/runtime/runtime.go:44.2,48.16 2 3
github.com/siyul-park/uniflow/pkg/runtime/runtime.go:48.16,50.3 1 0
github.com/siyul-park/uniflow/pkg/runtime/runtime.go:52.2,62.16 3 3
github.com/siyul-park/uniflow/pkg/runtime/runtime.go:62.16,64.3 1 0
github.com/siyul-park/uniflow/pkg/runtime/runtime.go:66.2,77.8 2 3
github.com/siyul-park/uniflow/pkg/runtime/runtime.go:81.85,82.42 1 2
github.com/siyul-park/uniflow/pkg/runtime/runtime.go:82.42,84.3 1 2
github.com/siyul-park/uniflow/pkg/runtime/runtime.go:84.8,86.3 1 0
github.com/siyul-park/uniflow/pkg/runtime/runtime.go:90.71,92.2 1 1
github.com/siyul-park/uniflow/pkg/runtime/runtime.go:97.52,98.48 1 1
github.com/siyul-park/uniflow/pkg/runtime/runtime.go:98.48,100.3 1 0
github.com/siyul-park/uniflow/pkg/runtime/runtime.go:101.2,101.49 1 1
github.com/siyul-park/uniflow/pkg/runtime/runtime.go:101.49,103.3 1 0
github.com/siyul-park/uniflow/pkg/runtime/runtime.go:104.2,104.36 1 1
github.com/siyul-park/uniflow/pkg/runtime/runtime.go:108.52,109.45 1 3
github.com/siyul-park/uniflow/pkg/runtime/runtime.go:109.45,111.3 1 0
github.com/siyul-park/uniflow/pkg/runtime/runtime.go:112.2,112.24 1 3
github.com/siyul-park/uniflow/pkg/primitive/binary.go:19.37,21.2 1 11
github.com/siyul-park/uniflow/pkg/primitive/binary.go:24.27,26.2 1 5
github.com/siyul-park/uniflow/pkg/primitive/binary.go:29.37,30.21 1 3
github.com/siyul-park/uniflow/pkg/primitive/binary.go:30.21,32.3 1 0
github.com/siyul-park/uniflow/pkg/primitive/binary.go:33.2,33.17 1 3
github.com/siyul-park/uniflow/pkg/primitive/binary.go:37.32,39.2 1 6
github.com/siyul-park/uniflow/pkg/primitive/binary.go:42.29,44.2 1 1
github.com/siyul-park/uniflow/pkg/primitive/binary.go:47.38,48.33 1 3
github.com/siyul-park/uniflow/pkg/primitive/binary.go:48.33,50.3 1 3
github.com/siyul-park/uniflow/pkg/primitive/binary.go:51.2,51.25 1 0
github.com/siyul-park/uniflow/pkg/primitive/binary.go:51.25,53.3 1 0
github.com/siyul-park/uniflow/pkg/primitive/binary.go:54.2,54.11 1 0
github.com/siyul-park/uniflow/pkg/primitive/binary.go:58.33,60.2 1 1
github.com/siyul-park/uniflow/pkg/primitive/binary.go:63.55,64.75 1 3
github.com/siyul-park/uniflow/pkg/primitive/binary.go:64.75,65.53 1 19
github.com/siyul-park/uniflow/pkg/primitive/binary.go:65.53,66.50 1 0
github.com/siyul-park/uniflow/pkg/primitive/binary.go:66.50,68.5 1 0
github.com/siyul-park/uniflow/pkg/primitive/binary.go:68.10,70.5 1 0
github.com/siyul-park/uniflow/pkg/primitive/binary.go:71.9,71.143 1 19
github.com/siyul-park/uniflow/pkg/primitive/binary.go:71.143,73.4 1 3
github.com/siyul-park/uniflow/pkg/primitive/binary.go:74.3,74.62 1 16
github.com/siyul-park/uniflow/pkg/primitive/binary.go:79.55,80.80 1 2
github.com/siyul-park/uniflow/pkg/primitive/binary.go:80.80,81.35 1 4
github.com/siyul-park/uniflow/pkg/primitive/binary.go:81.35,82.56 1 2
github.com/siyul-park/uniflow/pkg/primitive/binary.go:82.56,84.5 1 0
github.com/siyul-park/uniflow/pkg/primitive/binary.go:84.10,84.72 1 2
github.com/siyul-park/uniflow/pkg/primitive/binary.go:84.72,85.129 1 2
github.com/siyul-park/uniflow/pkg/primitive/binary.go:85.129,86.35 1 2
github.com/siyul-park/uniflow/pkg/primitive/binary.go:86.35,87.31 1 2
github.com/siyul-park/uniflow/pkg/primitive/binary.go:87.31,88.44 1 2
github.com/siyul-park/uniflow/pkg/primitive/binary.go:88.44,90.9 1 2
github.com/siyul-park/uniflow/pkg/primitive/binary.go:90.14,92.9 1 0
github.com/siyul-park/uniflow/pkg/primitive/binary.go:93.13,95.8 1 0
github.com/siyul-park/uniflow/pkg/primitive/binary.go:97.6,97.16 1 2
github.com/siyul-park/uniflow/pkg/primitive/binary.go:98.11,98.42 1 0
github.com/siyul-park/uniflow/pkg/primitive/binary.go:98.42,101.6 2 0
github.com/siyul-park/uniflow/pkg/primitive/binary.go:104.3,104.57 1 2
github.com/siyul-park/uniflow/pkg/primitive/bool.go:21.31,23.2 1 8
github.com/siyul-park/uniflow/pkg/primitive/bool.go:26.27,28.2 1 2
github.com/siyul-park/uniflow/pkg/primitive/bool.go:31.27,33.2 1 1
github.com/siyul-park/uniflow/pkg/primitive/bool.go:36.36,37.31 1 7
github.com/siyul-park/uniflow/pkg/primitive/bool.go:37.31,38.10 1 7
github.com/siyul-park/uniflow/pkg/primitive/bool.go:39.19,40.12 1 3
github.com/siyul-park/uniflow/pkg/primitive/bool.go:41.18,42.12 1 2
github.com/siyul-park/uniflow/pkg/primitive/bool.go:43.11,44.13 1 2
github.com/siyul-park/uniflow/pkg/primitive/bool.go:47.2,47.25 1 0
github.com/siyul-park/uniflow/pkg/primitive/bool.go:47.25,49.3 1 0
github.com/siyul-park/uniflow/pkg/primitive/bool.go:50.2,50.11 1 0
github.com/siyul-park/uniflow/pkg/primitive/bool.go:54.31,56.2 1 1
github.com/siyul-park/uniflow/pkg/primitive/bool.go:59.52,60.74 1 3
github.com/siyul-park/uniflow/pkg/primitive/bool.go:60.74,61.61 1 53
github.com/siyul-park/uniflow/pkg/primitive/bool.go:61.61,63.4 1 3
github.com/siyul-park/uniflow/pkg/primitive/bool.go:64.3,64.61 1 50
github.com/siyul-park/uniflow/pkg/primitive/bool.go:69.52,70.79 1 2
github.com/siyul-park/uniflow/pkg/primitive/bool.go:70.79,71.33 1 26
github.com/siyul-park/uniflow/pkg/primitive/bool.go:71.33,72.61 1 2
github.com/siyul-park/uniflow/pkg/primitive/bool.go:72.61,73.12 1 2
github.com/siyul-park/uniflow/pkg/primitive/bool.go:74.42,76.16 2 2
github.com/siyul-park/uniflow/pkg/primitive/bool.go:77.37,79.16 2 0
github.com/siyul-park/uniflow/pkg/primitive/bool.go:83.3,83.56 1 24
github.com/siyul-park/uniflow/pkg/primitive/compare.go:9.37,10.12 1 91
github.com/siyul-park/uniflow/pkg/primitive/compare.go:10.12,12.3 1 47
github.com/siyul-park/uniflow/pkg/primitive/compare.go:13.2,13.11 1 44
github.com/siyul-park/uniflow/pkg/primitive/compare.go:13.11,15.3 1 19
github.com/siyul-park/uniflow/pkg/primitive/compare.go:16.2,16.11 1 25
github.com/siyul-park/uniflow/pkg/primitive/compare.go:16.11,18.3 1 25
github.com/siyul-park/uniflow/pkg/primitive/compare.go:19.2,19.10 1 0
github.com/siyul-park/uniflow/pkg/primitive/encoding.go:19.13,52.2 30 1
github.com/siyul-park/uniflow/pkg/primitive/encoding.go:55.40,57.2 1 17
github.com/siyul-park/uniflow/pkg/primitive/encoding.go:60.42,62.2 1 17
github.com/siyul-park/uniflow/pkg/primitive/encoding.go:65.41,67.2 1 16
github.com/siyul-park/uniflow/pkg/primitive/float.go:28.40,30.2 1 25
github.com/siyul-park/uniflow/pkg/primitive/float.go:33.34,35.2 1 20
github.com/siyul-park/uniflow/pkg/primitive/float.go:38.30,40.2 1 1
github.com/siyul-park/uniflow/pkg/primitive/float.go:43.39,44.28 1 4
github.com/siyul-park/uniflow/pkg/primitive/float.go:44.28,46.3 1 4
github.com/siyul-park/uniflow/pkg/primitive/float.go:47.2,47.30 1 0
github.com/siyul-park/uniflow/pkg/primitive/float.go:47.30,49.3 1 0
github.com/siyul-park/uniflow/pkg/primitive/float.go:50.2,50.31 1 0
github.com/siyul-park/uniflow/pkg/primitive/float.go:50.31,52.3 1 0
github.com/siyul-park/uniflow/pkg/primitive/float.go:53.2,53.25 1 0
github.com/siyul-park/uniflow/pkg/primitive/float.go:53.25,55.3 1 0
github.com/siyul-park/uniflow/pkg/primitive/float.go:56.2,56.11 1 0
github.com/siyul-park/uniflow/pkg/primitive/float.go:60.34,62.2 1 1
github.com/siyul-park/uniflow/pkg/primitive/float.go:65.40,67.2 1 15
github.com/siyul-park/uniflow/pkg/primitive/float.go:70.34,72.2 1 10
github.com/siyul-park/uniflow/pkg/primitive/float.go:75.30,77.2 1 1
github.com/siyul-park/uniflow/pkg/primitive/float.go:80.39,81.28 1 4
github.com/siyul-park/uniflow/pkg/primitive/float.go:81.28,83.3 1 4
github.com/siyul-park/uniflow/pkg/primitive/float.go:84.2,84.30 1 0
github.com/siyul-park/uniflow/pkg/primitive/float.go:84.30,86.3 1 0
github.com/siyul-park/uniflow/pkg/primitive/float.go:87.2,87.31 1 0
github.com/siyul-park/uniflow/pkg/primitive/float.go:87.31,89.3 1 0
github.com/siyul-park/uniflow/pkg/primitive/float.go:90.2,90.25 1 0
github.com/siyul-park/uniflow/pkg/primitive/float.go:90.25,92.3 1 0
github.com/siyul-park/uniflow/pkg/primitive/float.go:93.2,93.11 1 0
github.com/siyul-park/uniflow/pkg/primitive/float.go:97.34,99.2 1 1
github.com/siyul-park/uniflow/pkg/primitive/float.go:102.53,103.74 1 3
github.com/siyul-park/uniflow/pkg/primitive/float.go:103.74,104.49 1 52
github.com/siyul-park/uniflow/pkg/primitive/float.go:105.24,106.46 1 3
github.com/siyul-park/uniflow/pkg/primitive/float.go:107.24,108.37 1 3
github.com/siyul-park/uniflow/pkg/primitive/float.go:110.3,110.61 1 46
github.com/siyul-park/uniflow/pkg/primitive/float.go:115.53,116.79 1 2
github.com/siyul-park/uniflow/pkg/primitive/float.go:116.79,117.34 1 26
github.com/siyul-park/uniflow/pkg/primitive/float.go:117.34,118.61 1 4
github.com/siyul-park/uniflow/pkg/primitive/float.go:118.61,119.28 1 4
github.com/siyul-park/uniflow/pkg/primitive/float.go:120.26,121.55 1 2
github.com/siyul-park/uniflow/pkg/primitive/float.go:122.26,123.46 1 2
github.com/siyul-park/uniflow/pkg/primitive/float.go:124.22,125.51 1 0
github.com/siyul-park/uniflow/pkg/primitive/float.go:126.23,127.52 1 0
github.com/siyul-park/uniflow/pkg/primitive/float.go:128.24,129.53 1 0
github.com/siyul-park/uniflow/pkg/primitive/float.go:130.24,131.53 1 0
github.com/siyul-park/uniflow/pkg/primitive/float.go:132.24,133.53 1 0
github.com/siyul-park/uniflow/pkg/primitive/float.go:134.23,135.52 1 0
github.com/siyul-park/uniflow/pkg/primitive/float.go:136.24,137.53 1 0
github.com/siyul-park/uniflow/pkg/primitive/float.go:138.25,139.54 1 0
github.com/siyul-park/uniflow/pkg/primitive/float.go:140.25,141.54 1 0
github.com/siyul-park/uniflow/pkg/primitive/float.go:142.25,143.54 1 0
github.com/siyul-park/uniflow/pkg/primitive/float.go:144.23,145.51 1 0
github.com/siyul-park/uniflow/pkg/primitive/float.go:146.13,147.29 1 0
github.com/siyul-park/uniflow/pkg/primitive/float.go:147.29,149.7 1 0
github.com/siyul-park/uniflow/pkg/primitive/float.go:149.12,151.7 1 0
github.com/siyul-park/uniflow/pkg/primitive/float.go:153.5,153.15 1 4
github.com/siyul-park/uniflow/pkg/primitive/float.go:156.3,156.56 1 22
github.com/siyul-park/uniflow/pkg/primitive/int.go:42.28,44.2 1 26
github.com/siyul-park/uniflow/pkg/primitive/int.go:47.26,49.2 1 21
github.com/siyul-park/uniflow/pkg/primitive/int.go:52.26,54.2 1 1
github.com/siyul-park/uniflow/pkg/primitive/int.go:57.35,58.30 1 4
github.com/siyul-park/uniflow/pkg/primitive/int.go:58.30,60.3 1 3
github.com/siyul-park/uniflow/pkg/primitive/int.go:61.2,61.31 1 1
github.com/siyul-park/uniflow/pkg/primitive/int.go:61.31,63.3 1 0
github.com/siyul-park/uniflow/pkg/primitive/int.go:64.2,64.28 1 1
github.com/siyul-park/uniflow/pkg/primitive/int.go:64.28,66.3 1 1
github.com/siyul-park/uniflow/pkg/primitive/int.go:67.2,67.25 1 0
github.com/siyul-park/uniflow/pkg/primitive/int.go:67.25,69.3 1 0
github.com/siyul-park/uniflow/pkg/primitive/int.go:70.2,70.11 1 0
github.com/siyul-park/uniflow/pkg/primitive/int.go:74.30,76.2 1 1
github.com/siyul-park/uniflow/pkg/primitive/int.go:79.31,81.2 1 11
github.com/siyul-park/uniflow/pkg/primitive/int.go:84.27,86.2 1 6
github.com/siyul-park/uniflow/pkg/primitive/int.go:89.27,91.2 1 1
github.com/siyul-park/uniflow/pkg/primitive/int.go:94.36,95.30 1 4
github.com/siyul-park/uniflow/pkg/primitive/int.go:95.30,97.3 1 3
github.com/siyul-park/uniflow/pkg/primitive/int.go:98.2,98.31 1 1
github.com/siyul-park/uniflow/pkg/primitive/int.go:98.31,100.3 1 0
github.com/siyul-park/uniflow/pkg/primitive/int.go:101.2,101.28 1 1
github.com/siyul-park/uniflow/pkg/primitive/int.go:101.28,103.3 1 1
github.com/siyul-park/uniflow/pkg/primitive/int.go:104.2,104.25 1 0
github.com/siyul-park/uniflow/pkg/primitive/int.go:104.25,106.3 1 0
github.com/siyul-park/uniflow/pkg/primitive/int.go:107.2,107.11 1 0
[...]
github.com/siyul-park/uniflow/pkg/database/mongodb/encoding.go:44.111,45.96 1 50
github.com/siyul-park/uniflow/pkg/database/mongodb/encoding.go:45.96,46.20 1 51
github.com/siyul-park/uniflow/pkg/database/mongodb/encoding.go:46.20,48.4 1 2
github.com/siyul-park/uniflow/pkg/database/mongodb/encoding.go:50.3,52.20 2 49
github.com/siyul-park/uniflow/pkg/database/mongodb/encoding.go:53.34,55.38 2 4
github.com/siyul-park/uniflow/pkg/database/mongodb/encoding.go:55.38,56.49 1 8
github.com/siyul-park/uniflow/pkg/database/mongodb/encoding.go:56.49,58.6 1 0
github.com/siyul-park/uniflow/pkg/database/mongodb/encoding.go:58.11,60.6 1 8
github.com/siyul-park/uniflow/pkg/database/mongodb/encoding.go:63.4,63.33 1 4
github.com/siyul-park/uniflow/pkg/database/mongodb/encoding.go:63.33,65.5 1 2
github.com/siyul-park/uniflow/pkg/database/mongodb/encoding.go:65.10,65.39 1 2
github.com/siyul-park/uniflow/pkg/database/mongodb/encoding.go:65.39,67.5 1 2
github.com/siyul-park/uniflow/pkg/database/mongodb/encoding.go:68.38,71.34 2 4
github.com/siyul-park/uniflow/pkg/database/mongodb/encoding.go:71.34,73.5 1 2
github.com/siyul-park/uniflow/pkg/database/mongodb/encoding.go:73.10,73.42 1 2
github.com/siyul-park/uniflow/pkg/database/mongodb/encoding.go:73.42,75.5 1 2
github.com/siyul-park/uniflow/pkg/database/mongodb/encoding.go:76.11,79.18 3 41
github.com/siyul-park/uniflow/pkg/database/mongodb/encoding.go:79.18,81.5 1 0
github.com/siyul-park/uniflow/pkg/database/mongodb/encoding.go:83.4,83.32 1 41
github.com/siyul-park/uniflow/pkg/database/mongodb/encoding.go:83.32,85.5 1 27
github.com/siyul-park/uniflow/pkg/database/mongodb/encoding.go:85.10,85.39 1 14
github.com/siyul-park/uniflow/pkg/database/mongodb/encoding.go:85.39,87.5 1 2
github.com/siyul-park/uniflow/pkg/database/mongodb/encoding.go:87.10,87.39 1 12
github.com/siyul-park/uniflow/pkg/database/mongodb/encoding.go:87.39,89.5 1 2
github.com/siyul-park/uniflow/pkg/database/mongodb/encoding.go:89.10,89.40 1 10
github.com/siyul-park/uniflow/pkg/database/mongodb/encoding.go:89.40,91.5 1 2
github.com/siyul-park/uniflow/pkg/database/mongodb/encoding.go:91.10,91.39 1 8
github.com/siyul-park/uniflow/pkg/database/mongodb/encoding.go:91.39,93.5 1 2
github.com/siyul-park/uniflow/pkg/database/mongodb/encoding.go:93.10,93.40 1 6
github.com/siyul-park/uniflow/pkg/database/mongodb/encoding.go:93.40,95.5 1 2
github.com/siyul-park/uniflow/pkg/database/mongodb/encoding.go:95.10,95.39 1 4
github.com/siyul-park/uniflow/pkg/database/mongodb/encoding.go:95.39,97.5 1 2
github.com/siyul-park/uniflow/pkg/database/mongodb/encoding.go:97.10,97.40 1 2
github.com/siyul-park/uniflow/pkg/database/mongodb/encoding.go:97.40,99.5 1 2
github.com/siyul-park/uniflow/pkg/database/mongodb/encoding.go:102.3,102.61 1 0
github.com/siyul-park/uniflow/pkg/database/mongodb/encoding.go:106.113,107.103 1 3
github.com/siyul-park/uniflow/pkg/database/mongodb/encoding.go:107.103,109.10 2 2
github.com/siyul-park/uniflow/pkg/database/mongodb/encoding.go:109.10,111.4 1 0
github.com/siyul-park/uniflow/pkg/database/mongodb/encoding.go:113.3,116.26 3 2
github.com/siyul-park/uniflow/pkg/database/mongodb/encoding.go:116.26,117.33 1 2
github.com/siyul-park/uniflow/pkg/database/mongodb/encoding.go:117.33,118.38 1 1
github.com/siyul-park/uniflow/pkg/database/mongodb/encoding.go:118.38,119.41 1 0
github.com/siyul-park/uniflow/pkg/database/mongodb/encoding.go:119.41,121.7 1 0
github.com/siyul-park/uniflow/pkg/database/mongodb/encoding.go:121.12,123.31 2 0
github.com/siyul-park/uniflow/pkg/database/mongodb/encoding.go:123.31,125.53 2 0
github.com/siyul-park/uniflow/pkg/database/mongodb/encoding.go:125.53,127.9 1 0
github.com/siyul-park/uniflow/pkg/database/mongodb/encoding.go:128.8,128.38 1 0
github.com/siyul-park/uniflow/pkg/database/mongodb/encoding.go:131.7,131.24 1 0
github.com/siyul-park/uniflow/pkg/database/mongodb/encoding.go:131.24,136.8 1 0
github.com/siyul-park/uniflow/pkg/database/mongodb/encoding.go:136.13,136.30 1 0
github.com/siyul-park/uniflow/pkg/database/mongodb/encoding.go:136.30,141.8 1 0
github.com/siyul-park/uniflow/pkg/database/mongodb/encoding.go:143.11,143.29 1 1
github.com/siyul-park/uniflow/pkg/database/mongodb/encoding.go:143.29,145.55 2 0
github.com/siyul-park/uniflow/pkg/database/mongodb/encoding.go:145.55,147.7 1 0
github.com/siyul-park/uniflow/pkg/database/mongodb/encoding.go:148.6,148.33 1 0
github.com/siyul-park/uniflow/pkg/database/mongodb/encoding.go:148.33,150.7 1 0
github.com/siyul-park/uniflow/pkg/database/mongodb/encoding.go:150.12,150.40 1 0
github.com/siyul-park/uniflow/pkg/database/mongodb/encoding.go:150.40,152.7 1 0
github.com/siyul-park/uniflow/pkg/database/mongodb/encoding.go:152.12,152.40 1 0
github.com/siyul-park/uniflow/pkg/database/mongodb/encoding.go:152.40,154.7 1 0
github.com/siyul-park/uniflow/pkg/database/mongodb/encoding.go:154.12,154.41 1 0
github.com/siyul-park/uniflow/pkg/database/mongodb/encoding.go:154.41,156.7 1 0
github.com/siyul-park/uniflow/pkg/database/mongodb/encoding.go:156.12,156.42 1 0
github.com/siyul-park/uniflow/pkg/database/mongodb/encoding.go:156.42,158.7 1 0
github.com/siyul-park/uniflow/pkg/database/mongodb/encoding.go:158.12,158.43 1 0
github.com/siyul-park/uniflow/pkg/database/mongodb/encoding.go:158.43,160.7 1 0
github.com/siyul-park/uniflow/pkg/database/mongodb/encoding.go:160.12,162.7 1 0
github.com/siyul-park/uniflow/pkg/database/mongodb/encoding.go:163.6,163.40 1 0
github.com/siyul-park/uniflow/pkg/database/mongodb/encoding.go:164.11,164.45 1 1
github.com/siyul-park/uniflow/pkg/database/mongodb/encoding.go:164.45,165.31 1 1
github.com/siyul-park/uniflow/pkg/database/mongodb/encoding.go:165.31,166.38 1 1
github.com/siyul-park/uniflow/pkg/database/mongodb/encoding.go:166.38,168.8 1 0
github.com/siyul-park/uniflow/pkg/database/mongodb/encoding.go:169.7,172.22 2 1
github.com/siyul-park/uniflow/pkg/database/mongodb/encoding.go:172.22,173.20 1 1
github.com/siyul-park/uniflow/pkg/database/mongodb/encoding.go:173.20,175.9 1 0
github.com/siyul-park/uniflow/pkg/database/mongodb/encoding.go:175.14,177.9 1 1
github.com/siyul-park/uniflow/pkg/database/mongodb/encoding.go:178.13,178.29 1 0
github.com/siyul-park/uniflow/pkg/database/mongodb/encoding.go:178.29,179.20 1 0
github.com/siyul-park/uniflow/pkg/database/mongodb/encoding.go:179.20,181.9 1 0
github.com/siyul-park/uniflow/pkg/database/mongodb/encoding.go:181.14,183.9 1 0
github.com/siyul-park/uniflow/pkg/database/mongodb/encoding.go:184.13,184.29 1 0
github.com/siyul-park/uniflow/pkg/database/mongodb/encoding.go:184.29,186.8 1 0
github.com/siyul-park/uniflow/pkg/database/mongodb/encoding.go:186.13,186.30 1 0
github.com/siyul-park/uniflow/pkg/database/mongodb/encoding.go:186.30,188.8 1 0
github.com/siyul-park/uniflow/pkg/database/mongodb/encoding.go:188.13,188.29 1 0
github.com/siyul-park/uniflow/pkg/database/mongodb/encoding.go:188.29,190.8 1 0
github.com/siyul-park/uniflow/pkg/database/mongodb/encoding.go:190.13,190.30 1 0
github.com/siyul-park/uniflow/pkg/database/mongodb/encoding.go:190.30,192.8 1 0
github.com/siyul-park/uniflow/pkg/database/mongodb/encoding.go:192.13,192.29 1 0
github.com/siyul-park/uniflow/pkg/database/mongodb/encoding.go:192.29,194.8 1 0
github.com/siyul-park/uniflow/pkg/database/mongodb/encoding.go:194.13,194.30 1 0
github.com/siyul-park/uniflow/pkg/database/mongodb/encoding.go:194.30,196.8 1 0
github.com/siyul-park/uniflow/pkg/database/mongodb/encoding.go:196.13,198.8 1 0
github.com/siyul-park/uniflow/pkg/database/mongodb/encoding.go:200.7,201.55 2 1
github.com/siyul-park/uniflow/pkg/database/mongodb/encoding.go:201.55,203.8 1 0
github.com/siyul-park/uniflow/pkg/database/mongodb/encoding.go:204.7,205.41 2 1
github.com/siyul-park/uniflow/pkg/database/mongodb/encoding.go:207.11,209.6 1 0
github.com/siyul-park/uniflow/pkg/database/mongodb/encoding.go:213.3,213.25 1 2
github.com/siyul-park/uniflow/pkg/database/mongodb/encoding.go:213.25,215.4 1 1
github.com/siyul-park/uniflow/pkg/database/mongodb/encoding.go:215.9,215.32 1 1
github.com/siyul-park/uniflow/pkg/database/mongodb/encoding.go:215.32,217.4 1 1
github.com/siyul-park/uniflow/pkg/database/mongodb/encoding.go:217.9,222.4 1 0
github.com/siyul-park/uniflow/pkg/database/mongodb/encoding.go:224.3,224.13 1 2
github.com/siyul-park/uniflow/pkg/database/mongodb/encoding.go:228.66,229.94 1 95
github.com/siyul-park/uniflow/pkg/database/mongodb/encoding.go:229.94,230.20 1 94
github.com/siyul-park/uniflow/pkg/database/mongodb/encoding.go:230.20,232.4 1 0
github.com/siyul-park/uniflow/pkg/database/mongodb/encoding.go:234.3,236.45 2 94
github.com/siyul-park/uniflow/pkg/database/mongodb/encoding.go:236.45,238.4 1 34
github.com/siyul-park/uniflow/pkg/database/mongodb/encoding.go:238.9,238.50 1 60
github.com/siyul-park/uniflow/pkg/database/mongodb/encoding.go:238.50,240.31 2 17
github.com/siyul-park/uniflow/pkg/database/mongodb/encoding.go:240.31,242.43 2 32
github.com/siyul-park/uniflow/pkg/database/mongodb/encoding.go:242.43,244.6 1 0
github.com/siyul-park/uniflow/pkg/database/mongodb/encoding.go:244.11,245.46 1 32
github.com/siyul-park/uniflow/pkg/database/mongodb/encoding.go:245.46,247.7 1 0
github.com/siyul-park/uniflow/pkg/database/mongodb/encoding.go:247.12,249.7 1 32
github.com/siyul-park/uniflow/pkg/database/mongodb/encoding.go:252.4,252.17 1 17
github.com/siyul-park/uniflow/pkg/database/mongodb/encoding.go:253.9,253.52 1 43
github.com/siyul-park/uniflow/pkg/database/mongodb/encoding.go:253.52,255.33 2 4
github.com/siyul-park/uniflow/pkg/database/mongodb/encoding.go:255.33,256.52 1 4
github.com/siyul-park/uniflow/pkg/database/mongodb/encoding.go:256.52,258.6 1 0
github.com/siyul-park/uniflow/pkg/database/mongodb/encoding.go:258.11,260.6 1 4
github.com/siyul-park/uniflow/pkg/database/mongodb/encoding.go:262.4,262.17 1 4
github.com/siyul-park/uniflow/pkg/database/mongodb/encoding.go:263.9,265.4 1 39
github.com/siyul-park/uniflow/pkg/database/mongodb/encoding.go:269.67,270.101 1 85
github.com/siyul-park/uniflow/pkg/database/mongodb/encoding.go:270.101,273.20 2 84
github.com/siyul-park/uniflow/pkg/database/mongodb/encoding.go:273.20,276.4 2 0
github.com/siyul-park/uniflow/pkg/database/mongodb/encoding.go:276.9,276.54 1 84
github.com/siyul-park/uniflow/pkg/database/mongodb/encoding.go:276.54,279.4 2 0
github.com/siyul-park/uniflow/pkg/database/mongodb/encoding.go:279.9,279.59 1 84
github.com/siyul-park/uniflow/pkg/database/mongodb/encoding.go:279.59,282.4 2 0
github.com/siyul-park/uniflow/pkg/database/mongodb/encoding.go:282.9,282.56 1 84
github.com/siyul-park/uniflow/pkg/database/mongodb/encoding.go:282.56,285.4 2 27
github.com/siyul-park/uniflow/pkg/database/mongodb/encoding.go:285.9,285.51 1 57
github.com/siyul-park/uniflow/pkg/database/mongodb/encoding.go:285.51,287.24 2 0
github.com/siyul-park/uniflow/pkg/database/mongodb/encoding.go:287.24,289.50 2 0
github.com/siyul-park/uniflow/pkg/database/mongodb/encoding.go:289.50,291.6 1 0
github.com/siyul-park/uniflow/pkg/database/mongodb/encoding.go:292.5,292.22 1 0
github.com/siyul-park/uniflow/pkg/database/mongodb/encoding.go:294.4,295.14 2 0
github.com/siyul-park/uniflow/pkg/database/mongodb/encoding.go:296.9,296.51 1 57
github.com/siyul-park/uniflow/pkg/database/mongodb/encoding.go:296.51,298.24 2 14
github.com/siyul-park/uniflow/pkg/database/mongodb/encoding.go:298.24,300.56 2 56
github.com/siyul-park/uniflow/pkg/database/mongodb/encoding.go:300.56,302.6 1 0
github.com/siyul-park/uniflow/pkg/database/mongodb/encoding.go:303.5,304.25 2 56
github.com/siyul-park/uniflow/pkg/database/mongodb/encoding.go:306.4,307.14 2 14
github.com/siyul-park/uniflow/pkg/database/mongodb/encoding.go:308.9,308.51 1 43
github.com/siyul-park/uniflow/pkg/database/mongodb/encoding.go:308.51,311.24 3 0
github.com/siyul-park/uniflow/pkg/database/mongodb/encoding.go:311.24,313.50 2 0
github.com/siyul-park/uniflow/pkg/database/mongodb/encoding.go:313.50,315.6 1 0
github.com/siyul-park/uniflow/pkg/database/mongodb/encoding.go:316.5,318.11 3 0
github.com/siyul-park/uniflow/pkg/database/mongodb/encoding.go:320.4,321.14 2 0
github.com/siyul-park/uniflow/pkg/database/mongodb/encoding.go:322.9,322.67 1 43
github.com/siyul-park/uniflow/pkg/database/mongodb/encoding.go:322.67,325.4 2 43
github.com/siyul-park/uniflow/pkg/database/mongodb/encoding.go:327.3,327.56 1 0
github.com/siyul-park/uniflow/pkg/database/mongodb/encoding.go:331.47,333.26 2 0
github.com/siyul-park/uniflow/pkg/database/mongodb/encoding.go:333.26,338.3 1 0
github.com/siyul-park/uniflow/pkg/database/mongodb/encoding.go:339.2,339.13 1 0
github.com/siyul-park/uniflow/pkg/database/mongodb/encoding.go:342.43,343.32 1 0
github.com/siyul-park/uniflow/pkg/database/mongodb/encoding.go:343.32,345.3 1 0
github.com/siyul-park/uniflow/pkg/database/mongodb/encoding.go:346.2,346.11 1 0
github.com/siyul-park/uniflow/pkg/database/mongodb/encoding.go:349.33,350.17 1 80
github.com/siyul-park/uniflow/pkg/database/mongodb/encoding.go:350.17,352.3 1 34
github.com/siyul-park/uniflow/pkg/database/mongodb/encoding.go:353.2,353.26 1 46
github.com/siyul-park/uniflow/pkg/database/mongodb/encoding.go:356.37,357.18 1 58
github.com/siyul-park/uniflow/pkg/database/mongodb/encoding.go:357.18,359.3 1 15
github.com/siyul-park/uniflow/pkg/database/mongodb/encoding.go:360.2,360.21 1 43
github.com/siyul-park/uniflow/pkg/database/mongodb/encoding.go:363.66,364.33 1 2
github.com/siyul-park/uniflow/pkg/database/mongodb/encoding.go:364.33,366.48 2 89
github.com/siyul-park/uniflow/pkg/database/mongodb/encoding.go:366.48,368.4 1 89
github.com/siyul-park/uniflow/pkg/database/mongodb/encoding.go:369.3,369.35 1 89
github.com/siyul-park/uniflow/pkg/database/mongodb/encoding.go:373.41,374.31 1 2
github.com/siyul-park/uniflow/pkg/database/mongodb/encoding.go:374.31,376.3 1 2
github.com/siyul-park/uniflow/pkg/database/mongodb/encoding.go:378.2,379.35 2 0
github.com/siyul-park/uniflow/pkg/database/mongodb/encoding.go:379.35,381.3 1 0
github.com/siyul-park/uniflow/pkg/database/mongodb/encoding.go:381.8,381.42 1 0
github.com/siyul-park/uniflow/pkg/database/mongodb/encoding.go:381.42,382.23 1 0
github.com/siyul-park/uniflow/pkg/database/mongodb/encoding.go:382.23,383.29 1 0
github.com/siyul-park/uniflow/pkg/database/mongodb/encoding.go:383.29,385.5 1 0
github.com/siyul-park/uniflow/pkg/database/mongodb/encoding.go:385.10,387.5 1 0
github.com/siyul-park/uniflow/pkg/database/mongodb/encoding.go:389.8,389.39 1 0
github.com/siyul-park/uniflow/pkg/database/mongodb/encoding.go:389.39,390.23 1 0
github.com/siyul-park/uniflow/pkg/database/mongodb/encoding.go:390.23,391.29 1 0
github.com/siyul-park/uniflow/pkg/database/mongodb/encoding.go:391.29,393.5 1 0
github.com/siyul-park/uniflow/pkg/database/mongodb/encoding.go:393.10,395.5 1 0
github.com/siyul-park/uniflow/pkg/database/mongodb/encoding.go:397.8,399.3 1 0
github.com/siyul-park/uniflow/pkg/database/mongodb/encoding.go:401.2,401.16 1 0
github.com/siyul-park/uniflow/pkg/database/mongodb/encoding.go:404.38,406.33 2 3
github.com/siyul-park/uniflow/pkg/database/mongodb/encoding.go:406.33,408.3 1 3
github.com/siyul-park/uniflow/pkg/database/mongodb/encoding.go:408.8,408.40 1 0
github.com/siyul-park/uniflow/pkg/database/mongodb/encoding.go:408.40,410.23 2 0
github.com/siyul-park/uniflow/pkg/database/mongodb/encoding.go:410.23,412.4 1 0
github.com/siyul-park/uniflow/pkg/database/mongodb/encoding.go:413.3,413.17 1 0
github.com/siyul-park/uniflow/pkg/database/mongodb/encoding.go:414.8,416.3 1 0
github.com/siyul-park/uniflow/pkg/database/mongodb/encoding.go:418.2,418.16 1 3
github.com/siyul-park/uniflow/pkg/database/mongodb/index.go:21.54,23.2 1 4
github.com/siyul-park/uniflow/pkg/database/mongodb/index.go:25.79,27.16 2 1
github.com/siyul-park/uniflow/pkg/database/mongodb/index.go:27.16,29.3 1 0
github.com/siyul-park/uniflow/pkg/database/mongodb/index.go:31.2,32.67 2 1
github.com/siyul-park/uniflow/pkg/database/mongodb/index.go:32.67,34.3 1 0
github.com/siyul-park/uniflow/pkg/database/mongodb/index.go:36.2,37.32 2 1
github.com/siyul-park/uniflow/pkg/database/mongodb/index.go:37.32,44.22 6 2
github.com/siyul-park/uniflow/pkg/database/mongodb/index.go:44.22,46.4 1 2
github.com/siyul-park/uniflow/pkg/database/mongodb/index.go:47.3,48.76 2 2
github.com/siyul-park/uniflow/pkg/database/mongodb/index.go:48.76,50.4 1 0
github.com/siyul-park/uniflow/pkg/database/mongodb/index.go:52.3,57.5 1 2
github.com/siyul-park/uniflow/pkg/database/mongodb/index.go:60.2,60.20 1 1
github.com/siyul-park/uniflow/pkg/database/mongodb/index.go:63.83,65.31 2 3
github.com/siyul-park/uniflow/pkg/database/mongodb/index.go:65.31,67.3 1 3
github.com/siyul-park/uniflow/pkg/database/mongodb/index.go:69.2,70.16 2 3
github.com/siyul-park/uniflow/pkg/database/mongodb/index.go:70.16,72.3 1 0
github.com/siyul-park/uniflow/pkg/database/mongodb/index.go:74.2,83.12 2 3
github.com/siyul-park/uniflow/pkg/database/mongodb/index.go:86.67,89.2 2 1
github.com/siyul-park/uniflow/pkg/database/mongodb/server.go:18.19,28.65 4 7
github.com/siyul-park/uniflow/pkg/database/mongodb/server.go:28.65,30.5 1 7
github.com/siyul-park/uniflow/pkg/database/mongodb/server.go:30.10,31.15 1 0
github.com/siyul-park/uniflow/pkg/database/mongodb/server.go:37.31,39.2 1 22
github.com/siyul-park/uniflow/pkg/database/mongodb/server.go:41.44,45.113 3 22
github.com/siyul-park/uniflow/pkg/database/mongodb/server.go:45.113,46.76 1 22
github.com/siyul-park/uniflow/pkg/database/mongodb/server.go:46.76,47.33 1 22
github.com/siyul-park/uniflow/pkg/database/mongodb/server.go:47.33,49.5 1 78
github.com/siyul-park/uniflow/pkg/database/mongodb/server.go:51.3,53.9 3 22
github.com/siyul-park/uniflow/pkg/database/mongodb/server.go:56.2,56.15 1 0
github.com/siyul-park/uniflow/pkg/database/mongodb/stream.go:20.56,27.12 2 1
github.com/siyul-park/uniflow/pkg/database/mongodb/stream.go:27.12,28.16 1 1
github.com/siyul-park/uniflow/pkg/database/mongodb/stream.go:28.16,28.57 1 1
github.com/siyul-park/uniflow/pkg/database/mongodb/stream.go:29.3,29.16 1 1
github.com/siyul-park/uniflow/pkg/database/mongodb/stream.go:29.16,29.36 1 1
github.com/siyul-park/uniflow/pkg/database/mongodb/stream.go:31.3,32.13 2 1
github.com/siyul-park/uniflow/pkg/database/mongodb/stream.go:32.13,35.4 2 1
github.com/siyul-park/uniflow/pkg/database/mongodb/stream.go:37.3,37.7 1 1
github.com/siyul-park/uniflow/pkg/database/mongodb/stream.go:37.7,38.24 1 4
github.com/siyul-park/uniflow/pkg/database/mongodb/stream.go:38.24,40.5 1 1
github.com/siyul-park/uniflow/pkg/database/mongodb/stream.go:41.4,42.47 2 3
github.com/siyul-park/uniflow/pkg/database/mongodb/stream.go:42.47,44.5 1 0
github.com/siyul-park/uniflow/pkg/database/mongodb/stream.go:46.4,47.50 2 3
github.com/siyul-park/uniflow/pkg/database/mongodb/stream.go:47.50,48.52 1 3
github.com/siyul-park/uniflow/pkg/database/mongodb/stream.go:48.52,49.71 1 3
github.com/siyul-park/uniflow/pkg/database/mongodb/stream.go:49.71,50.15 1 0
github.com/siyul-park/uniflow/pkg/database/mongodb/stream.go:52.11,53.14 1 0
github.com/siyul-park/uniflow/pkg/database/mongodb/stream.go:57.4,60.33 2 3
github.com/siyul-park/uniflow/pkg/database/mongodb/stream.go:61.18,62.32 1 1
github.com/siyul-park/uniflow/pkg/database/mongodb/stream.go:63.18,64.32 1 1
github.com/siyul-park/uniflow/pkg/database/mongodb/stream.go:65.18,66.32 1 1
github.com/siyul-park/uniflow/pkg/database/mongodb/stream.go:69.4,69.11 1 3
github.com/siyul-park/uniflow/pkg/database/mongodb/stream.go:70.18,71.11 1 0
github.com/siyul-park/uniflow/pkg/database/mongodb/stream.go:72.24,72.24 0 3
github.com/siyul-park/uniflow/pkg/database/mongodb/stream.go:77.2,77.10 1 1
github.com/siyul-park/uniflow/pkg/database/mongodb/stream.go:80.47,82.2 1 4
github.com/siyul-park/uniflow/pkg/database/mongodb/stream.go:84.41,86.2 1 0
github.com/siyul-park/uniflow/pkg/database/mongodb/stream.go:88.32,89.9 1 1
github.com/siyul-park/uniflow/pkg/database/mongodb/stream.go:90.16,91.13 1 0
github.com/siyul-park/uniflow/pkg/database/mongodb/stream.go:92.10,92.10 0 1
github.com/siyul-park/uniflow/pkg/database/mongodb/stream.go:95.2,97.12 2 1
