mode: atomic
github.com/siyul-park/uniflow/plugin/pkg/networkx/builder.go:14.42,15.34 1 1
github.com/siyul-park/uniflow/plugin/pkg/networkx/builder.go:15.34,16.61 1 1
github.com/siyul-park/uniflow/plugin/pkg/networkx/builder.go:16.61,17.34 1 1
github.com/siyul-park/uniflow/plugin/pkg/networkx/builder.go:17.34,20.15 2 1
github.com/siyul-park/uniflow/plugin/pkg/networkx/builder.go:20.15,21.38 1 1
github.com/siyul-park/uniflow/plugin/pkg/networkx/builder.go:21.38,23.7 1 1
github.com/siyul-park/uniflow/plugin/pkg/networkx/builder.go:26.5,26.36 1 1
github.com/siyul-park/uniflow/plugin/pkg/networkx/builder.go:28.4,28.14 1 0
github.com/siyul-park/uniflow/plugin/pkg/networkx/builder.go:31.3,31.65 1 1
github.com/siyul-park/uniflow/plugin/pkg/networkx/builder.go:31.65,32.34 1 1
github.com/siyul-park/uniflow/plugin/pkg/networkx/builder.go:32.34,37.5 3 1
github.com/siyul-park/uniflow/plugin/pkg/networkx/builder.go:38.4,38.14 1 0
github.com/siyul-park/uniflow/plugin/pkg/networkx/builder.go:41.3,41.13 1 1
github.com/siyul-park/uniflow/plugin/pkg/networkx/builder.go:46.47,47.38 1 1
github.com/siyul-park/uniflow/plugin/pkg/networkx/builder.go:47.38,49.96 2 1
github.com/siyul-park/uniflow/plugin/pkg/networkx/builder.go:49.96,51.4 1 0
github.com/siyul-park/uniflow/plugin/pkg/networkx/builder.go:53.3,54.99 2 1
github.com/siyul-park/uniflow/plugin/pkg/networkx/builder.go:54.99,56.4 1 0
github.com/siyul-park/uniflow/plugin/pkg/networkx/builder.go:58.3,59.102 2 1
github.com/siyul-park/uniflow/plugin/pkg/networkx/builder.go:59.102,62.34 2 0
github.com/siyul-park/uniflow/plugin/pkg/networkx/builder.go:62.34,64.5 1 0
github.com/siyul-park/uniflow/plugin/pkg/networkx/builder.go:66.4,66.17 1 0
github.com/siyul-park/uniflow/plugin/pkg/networkx/builder.go:69.3,69.13 1 1
github.com/siyul-park/uniflow/plugin/pkg/networkx/http.go:199.13,240.58 2 1
github.com/siyul-park/uniflow/plugin/pkg/networkx/http.go:240.58,242.3 1 49
github.com/siyul-park/uniflow/plugin/pkg/networkx/http.go:246.44,259.2 3 6
github.com/siyul-park/uniflow/plugin/pkg/networkx/http.go:262.57,266.14 3 7
github.com/siyul-park/uniflow/plugin/pkg/networkx/http.go:267.19,268.24 1 2
github.com/siyul-park/uniflow/plugin/pkg/networkx/http.go:269.19,270.24 1 2
github.com/siyul-park/uniflow/plugin/pkg/networkx/http.go:271.20,272.25 1 2
github.com/siyul-park/uniflow/plugin/pkg/networkx/http.go:273.20,274.25 1 1
github.com/siyul-park/uniflow/plugin/pkg/networkx/http.go:275.10,275.10 0 0
github.com/siyul-park/uniflow/plugin/pkg/networkx/http.go:278.2,278.19 1 0
github.com/siyul-park/uniflow/plugin/pkg/networkx/http.go:282.44,285.23 3 3
github.com/siyul-park/uniflow/plugin/pkg/networkx/http.go:285.23,287.3 1 0
github.com/siyul-park/uniflow/plugin/pkg/networkx/http.go:288.2,288.26 1 3
github.com/siyul-park/uniflow/plugin/pkg/networkx/http.go:292.62,299.6 5 3
github.com/siyul-park/uniflow/plugin/pkg/networkx/http.go:299.6,300.10 1 3
github.com/siyul-park/uniflow/plugin/pkg/networkx/http.go:301.21,302.20 1 0
github.com/siyul-park/uniflow/plugin/pkg/networkx/http.go:303.19,305.59 2 3
github.com/siyul-park/uniflow/plugin/pkg/networkx/http.go:305.59,307.5 1 3
github.com/siyul-park/uniflow/plugin/pkg/networkx/http.go:308.25,309.35 1 0
github.com/siyul-park/uniflow/plugin/pkg/networkx/http.go:309.35,311.5 1 0
github.com/siyul-park/uniflow/plugin/pkg/networkx/http.go:312.4,312.14 1 0
github.com/siyul-park/uniflow/plugin/pkg/networkx/http.go:318.34,321.44 3 2
github.com/siyul-park/uniflow/plugin/pkg/networkx/http.go:321.44,324.3 2 0
github.com/siyul-park/uniflow/plugin/pkg/networkx/http.go:325.2,326.35 2 2
github.com/siyul-park/uniflow/plugin/pkg/networkx/http.go:330.56,335.2 3 2
github.com/siyul-park/uniflow/plugin/pkg/networkx/http.go:338.34,342.41 3 6
github.com/siyul-park/uniflow/plugin/pkg/networkx/http.go:342.41,344.3 1 0
github.com/siyul-park/uniflow/plugin/pkg/networkx/http.go:345.2,350.12 5 6
github.com/siyul-park/uniflow/plugin/pkg/networkx/http.go:354.70,363.15 6 2
github.com/siyul-park/uniflow/plugin/pkg/networkx/http.go:363.15,366.3 2 2
github.com/siyul-park/uniflow/plugin/pkg/networkx/http.go:368.2,368.12 1 2
github.com/siyul-park/uniflow/plugin/pkg/networkx/http.go:368.12,369.10 1 2
github.com/siyul-park/uniflow/plugin/pkg/networkx/http.go:370.29,371.32 1 0
github.com/siyul-park/uniflow/plugin/pkg/networkx/http.go:372.22,372.22 0 2
github.com/siyul-park/uniflow/plugin/pkg/networkx/http.go:376.2,381.16 5 2
github.com/siyul-park/uniflow/plugin/pkg/networkx/http.go:381.16,385.3 3 0
github.com/siyul-park/uniflow/plugin/pkg/networkx/http.go:387.2,390.26 3 2
github.com/siyul-park/uniflow/plugin/pkg/networkx/http.go:390.26,393.3 2 1
github.com/siyul-park/uniflow/plugin/pkg/networkx/http.go:394.2,394.27 1 2
github.com/siyul-park/uniflow/plugin/pkg/networkx/http.go:394.27,397.3 2 1
github.com/siyul-park/uniflow/plugin/pkg/networkx/http.go:399.2,399.45 1 2
github.com/siyul-park/uniflow/plugin/pkg/networkx/http.go:399.45,402.3 2 0
github.com/siyul-park/uniflow/plugin/pkg/networkx/http.go:404.2,404.6 1 2
github.com/siyul-park/uniflow/plugin/pkg/networkx/http.go:404.6,409.10 4 2
github.com/siyul-park/uniflow/plugin/pkg/networkx/http.go:410.41,411.21 1 1
github.com/siyul-park/uniflow/plugin/pkg/networkx/http.go:412.42,413.22 1 0
github.com/siyul-park/uniflow/plugin/pkg/networkx/http.go:414.41,415.21 1 1
github.com/siyul-park/uniflow/plugin/pkg/networkx/http.go:418.3,418.10 1 2
github.com/siyul-park/uniflow/plugin/pkg/networkx/http.go:418.10,422.4 3 0
github.com/siyul-park/uniflow/plugin/pkg/networkx/http.go:424.3,424.48 1 2
github.com/siyul-park/uniflow/plugin/pkg/networkx/http.go:424.48,425.63 1 1
github.com/siyul-park/uniflow/plugin/pkg/networkx/http.go:425.63,426.13 1 0
github.com/siyul-park/uniflow/plugin/pkg/networkx/http.go:428.9,430.4 1 1
github.com/siyul-park/uniflow/plugin/pkg/networkx/http.go:432.3,435.62 3 2
github.com/siyul-park/uniflow/plugin/pkg/networkx/http.go:435.62,436.44 1 0
github.com/siyul-park/uniflow/plugin/pkg/networkx/http.go:436.44,439.5 2 0
github.com/siyul-park/uniflow/plugin/pkg/networkx/http.go:439.10,441.5 1 0
github.com/siyul-park/uniflow/plugin/pkg/networkx/http.go:444.3,444.34 1 2
github.com/siyul-park/uniflow/plugin/pkg/networkx/http.go:444.34,445.25 1 0
github.com/siyul-park/uniflow/plugin/pkg/networkx/http.go:445.25,447.5 1 0
github.com/siyul-park/uniflow/plugin/pkg/networkx/http.go:448.4,449.18 2 0
github.com/siyul-park/uniflow/plugin/pkg/networkx/http.go:452.3,452.47 1 2
github.com/siyul-park/uniflow/plugin/pkg/networkx/http.go:452.47,455.4 2 0
github.com/siyul-park/uniflow/plugin/pkg/networkx/http.go:457.3,457.62 1 2
github.com/siyul-park/uniflow/plugin/pkg/networkx/http.go:457.62,459.4 1 0
github.com/siyul-park/uniflow/plugin/pkg/networkx/http.go:461.3,461.8 1 2
github.com/siyul-park/uniflow/plugin/pkg/networkx/http.go:465.70,468.46 2 2
github.com/siyul-park/uniflow/plugin/pkg/networkx/http.go:468.46,470.3 1 0
github.com/siyul-park/uniflow/plugin/pkg/networkx/http.go:470.8,470.65 1 2
github.com/siyul-park/uniflow/plugin/pkg/networkx/http.go:470.65,472.3 1 0
github.com/siyul-park/uniflow/plugin/pkg/networkx/http.go:472.8,483.3 2 2
github.com/siyul-park/uniflow/plugin/pkg/networkx/http.go:486.79,489.16 3 2
github.com/siyul-park/uniflow/plugin/pkg/networkx/http.go:489.16,491.3 1 0
github.com/siyul-park/uniflow/plugin/pkg/networkx/http.go:492.2,492.23 1 2
github.com/siyul-park/uniflow/plugin/pkg/networkx/http.go:492.23,494.3 1 2
github.com/siyul-park/uniflow/plugin/pkg/networkx/http.go:495.2,497.30 2 2
github.com/siyul-park/uniflow/plugin/pkg/networkx/http.go:497.30,499.3 1 0
github.com/siyul-park/uniflow/plugin/pkg/networkx/http.go:500.2,500.39 1 2
github.com/siyul-park/uniflow/plugin/pkg/networkx/http.go:500.39,501.37 1 2
github.com/siyul-park/uniflow/plugin/pkg/networkx/http.go:501.37,502.12 1 0
github.com/siyul-park/uniflow/plugin/pkg/networkx/http.go:504.3,504.34 1 2
github.com/siyul-park/uniflow/plugin/pkg/networkx/http.go:504.34,506.4 1 2
github.com/siyul-park/uniflow/plugin/pkg/networkx/http.go:508.2,512.17 4 2
github.com/siyul-park/uniflow/plugin/pkg/networkx/http.go:512.17,513.18 1 0
github.com/siyul-park/uniflow/plugin/pkg/networkx/http.go:513.18,515.4 1 0
github.com/siyul-park/uniflow/plugin/pkg/networkx/http.go:515.9,517.4 1 0
github.com/siyul-park/uniflow/plugin/pkg/networkx/http.go:519.2,521.38 2 2
github.com/siyul-park/uniflow/plugin/pkg/networkx/http.go:521.38,523.3 1 0
github.com/siyul-park/uniflow/plugin/pkg/networkx/http.go:524.2,524.35 1 2
github.com/siyul-park/uniflow/plugin/pkg/networkx/http.go:524.35,526.3 1 2
github.com/siyul-park/uniflow/plugin/pkg/networkx/http.go:527.2,527.12 1 2
github.com/siyul-park/uniflow/plugin/pkg/networkx/http.go:530.91,531.28 1 0
github.com/siyul-park/uniflow/plugin/pkg/networkx/http.go:531.28,533.3 1 0
github.com/siyul-park/uniflow/plugin/pkg/networkx/http.go:535.2,541.9 6 0
github.com/siyul-park/uniflow/plugin/pkg/networkx/http.go:541.9,543.3 1 0
github.com/siyul-park/uniflow/plugin/pkg/networkx/http.go:544.2,547.62 3 0
github.com/siyul-park/uniflow/plugin/pkg/networkx/http.go:547.62,548.42 1 0
github.com/siyul-park/uniflow/plugin/pkg/networkx/http.go:548.42,550.4 1 0
github.com/siyul-park/uniflow/plugin/pkg/networkx/http.go:550.9,552.4 1 0
github.com/siyul-park/uniflow/plugin/pkg/networkx/http.go:554.2,554.12 1 0
github.com/siyul-park/uniflow/plugin/pkg/networkx/http.go:557.44,558.23 1 2
github.com/siyul-park/uniflow/plugin/pkg/networkx/http.go:558.23,560.17 2 2
github.com/siyul-park/uniflow/plugin/pkg/networkx/http.go:560.17,562.4 1 0
github.com/siyul-park/uniflow/plugin/pkg/networkx/http.go:564.3,564.32 1 2
github.com/siyul-park/uniflow/plugin/pkg/networkx/http.go:564.32,566.4 1 0
github.com/siyul-park/uniflow/plugin/pkg/networkx/http.go:566.9,568.4 1 2
github.com/siyul-park/uniflow/plugin/pkg/networkx/http.go:570.2,570.12 1 2
github.com/siyul-park/uniflow/plugin/pkg/networkx/http.go:573.70,575.19 2 40
github.com/siyul-park/uniflow/plugin/pkg/networkx/http.go:575.19,577.3 1 0
github.com/siyul-park/uniflow/plugin/pkg/networkx/http.go:578.2,578.11 1 40
github.com/siyul-park/uniflow/plugin/pkg/networkx/http.go:581.52,584.65 3 2
github.com/siyul-park/uniflow/plugin/pkg/networkx/http.go:584.65,585.31 1 98
github.com/siyul-park/uniflow/plugin/pkg/networkx/http.go:585.31,587.9 2 0
github.com/siyul-park/uniflow/plugin/pkg/networkx/http.go:590.2,590.18 1 2
github.com/siyul-park/uniflow/plugin/pkg/networkx/http.go:597.74,598.64 1 2
github.com/siyul-park/uniflow/plugin/pkg/networkx/http.go:598.64,600.3 1 0
github.com/siyul-park/uniflow/plugin/pkg/networkx/http.go:601.2,602.16 2 2
github.com/siyul-park/uniflow/plugin/pkg/networkx/http.go:602.16,604.3 1 0
github.com/siyul-park/uniflow/plugin/pkg/networkx/http.go:605.2,605.57 1 2
github.com/siyul-park/uniflow/plugin/pkg/networkx/http.go:608.65,609.41 1 2
github.com/siyul-park/uniflow/plugin/pkg/networkx/http.go:609.41,611.3 1 2
github.com/siyul-park/uniflow/plugin/pkg/networkx/http.go:611.8,611.66 1 0
github.com/siyul-park/uniflow/plugin/pkg/networkx/http.go:611.66,613.3 1 0
github.com/siyul-park/uniflow/plugin/pkg/networkx/http.go:616.2,617.8 2 0
github.com/siyul-park/uniflow/plugin/pkg/networkx/mime.go:44.70,45.16 1 7
github.com/siyul-park/uniflow/plugin/pkg/networkx/mime.go:45.16,48.3 2 0
github.com/siyul-park/uniflow/plugin/pkg/networkx/mime.go:50.2,50.18 1 7
github.com/siyul-park/uniflow/plugin/pkg/networkx/mime.go:50.18,52.3 1 1
github.com/siyul-park/uniflow/plugin/pkg/networkx/mime.go:52.8,52.50 1 6
github.com/siyul-park/uniflow/plugin/pkg/networkx/mime.go:52.50,54.17 2 3
github.com/siyul-park/uniflow/plugin/pkg/networkx/mime.go:54.17,56.4 1 2
github.com/siyul-park/uniflow/plugin/pkg/networkx/mime.go:57.3,57.19 1 3
github.com/siyul-park/uniflow/plugin/pkg/networkx/mime.go:58.8,58.50 1 3
github.com/siyul-park/uniflow/plugin/pkg/networkx/mime.go:58.50,60.17 2 0
github.com/siyul-park/uniflow/plugin/pkg/networkx/mime.go:60.17,62.4 1 0
github.com/siyul-park/uniflow/plugin/pkg/networkx/mime.go:63.3,63.19 1 0
github.com/siyul-park/uniflow/plugin/pkg/networkx/mime.go:66.2,66.16 1 3
github.com/siyul-park/uniflow/plugin/pkg/networkx/mime.go:66.16,68.3 1 0
github.com/siyul-park/uniflow/plugin/pkg/networkx/mime.go:70.2,71.16 2 3
github.com/siyul-park/uniflow/plugin/pkg/networkx/mime.go:71.16,73.3 1 0
github.com/siyul-park/uniflow/plugin/pkg/networkx/mime.go:75.2,75.19 1 3
github.com/siyul-park/uniflow/plugin/pkg/networkx/mime.go:76.23,77.41 1 1
github.com/siyul-park/uniflow/plugin/pkg/networkx/mime.go:78.31,79.40 1 0
github.com/siyul-park/uniflow/plugin/pkg/networkx/mime.go:80.23,81.43 1 1
github.com/siyul-park/uniflow/plugin/pkg/networkx/mime.go:81.43,83.4 1 0
github.com/siyul-park/uniflow/plugin/pkg/networkx/mime.go:83.9,85.33 2 1
github.com/siyul-park/uniflow/plugin/pkg/networkx/mime.go:85.33,86.44 1 2
github.com/siyul-park/uniflow/plugin/pkg/networkx/mime.go:86.44,88.47 2 2
github.com/siyul-park/uniflow/plugin/pkg/networkx/mime.go:88.47,90.7 1 0
github.com/siyul-park/uniflow/plugin/pkg/networkx/mime.go:90.12,90.54 1 2
github.com/siyul-park/uniflow/plugin/pkg/networkx/mime.go:90.54,91.36 1 2
github.com/siyul-park/uniflow/plugin/pkg/networkx/mime.go:91.36,92.52 1 2
github.com/siyul-park/uniflow/plugin/pkg/networkx/mime.go:92.52,94.9 1 2
github.com/siyul-park/uniflow/plugin/pkg/networkx/mime.go:99.4,99.42 1 1
github.com/siyul-park/uniflow/plugin/pkg/networkx/mime.go:101.17,102.59 1 0
github.com/siyul-park/uniflow/plugin/pkg/networkx/mime.go:103.21,105.10 2 1
github.com/siyul-park/uniflow/plugin/pkg/networkx/mime.go:105.10,109.4 3 0
github.com/siyul-park/uniflow/plugin/pkg/networkx/mime.go:111.3,113.50 3 1
github.com/siyul-park/uniflow/plugin/pkg/networkx/mime.go:113.50,115.4 1 0
github.com/siyul-park/uniflow/plugin/pkg/networkx/mime.go:117.3,117.69 1 1
github.com/siyul-park/uniflow/plugin/pkg/networkx/mime.go:117.69,118.45 1 1
github.com/siyul-park/uniflow/plugin/pkg/networkx/mime.go:118.45,120.49 2 1
github.com/siyul-park/uniflow/plugin/pkg/networkx/mime.go:120.49,121.68 1 0
github.com/siyul-park/uniflow/plugin/pkg/networkx/mime.go:121.68,123.7 1 0
github.com/siyul-park/uniflow/plugin/pkg/networkx/mime.go:124.11,124.56 1 1
github.com/siyul-park/uniflow/plugin/pkg/networkx/mime.go:124.56,125.35 1 1
github.com/siyul-park/uniflow/plugin/pkg/networkx/mime.go:125.35,126.51 1 1
github.com/siyul-park/uniflow/plugin/pkg/networkx/mime.go:126.51,127.70 1 1
github.com/siyul-park/uniflow/plugin/pkg/networkx/mime.go:127.70,129.9 1 0
github.com/siyul-park/uniflow/plugin/pkg/networkx/mime.go:134.4,134.14 1 1
github.com/siyul-park/uniflow/plugin/pkg/networkx/mime.go:136.3,136.52 1 1
github.com/siyul-park/uniflow/plugin/pkg/networkx/mime.go:136.52,137.47 1 1
github.com/siyul-park/uniflow/plugin/pkg/networkx/mime.go:137.47,138.38 1 1
github.com/siyul-park/uniflow/plugin/pkg/networkx/mime.go:138.38,139.51 1 1
github.com/siyul-park/uniflow/plugin/pkg/networkx/mime.go:139.51,141.7 1 0
github.com/siyul-park/uniflow/plugin/pkg/networkx/mime.go:144.4,144.14 1 1
github.com/siyul-park/uniflow/plugin/pkg/networkx/mime.go:147.3,147.51 1 1
github.com/siyul-park/uniflow/plugin/pkg/networkx/mime.go:147.51,148.47 1 1
github.com/siyul-park/uniflow/plugin/pkg/networkx/mime.go:148.47,149.38 1 1
github.com/siyul-park/uniflow/plugin/pkg/networkx/mime.go:149.38,150.47 1 0
github.com/siyul-park/uniflow/plugin/pkg/networkx/mime.go:150.47,152.49 2 0
github.com/siyul-park/uniflow/plugin/pkg/networkx/mime.go:152.49,154.15 2 0
github.com/siyul-park/uniflow/plugin/pkg/networkx/mime.go:154.15,155.17 1 0
github.com/siyul-park/uniflow/plugin/pkg/networkx/mime.go:157.8,158.22 2 0
github.com/siyul-park/uniflow/plugin/pkg/networkx/mime.go:158.22,160.9 1 0
github.com/siyul-park/uniflow/plugin/pkg/networkx/mime.go:162.8,163.15 2 0
github.com/siyul-park/uniflow/plugin/pkg/networkx/mime.go:163.15,164.17 1 0
github.com/siyul-park/uniflow/plugin/pkg/networkx/mime.go:166.8,166.48 1 0
github.com/siyul-park/uniflow/plugin/pkg/networkx/mime.go:166.48,167.58 1 0
github.com/siyul-park/uniflow/plugin/pkg/networkx/mime.go:167.58,169.10 1 0
github.com/siyul-park/uniflow/plugin/pkg/networkx/mime.go:170.14,170.55 1 0
github.com/siyul-park/uniflow/plugin/pkg/networkx/mime.go:170.55,171.67 1 0
github.com/siyul-park/uniflow/plugin/pkg/networkx/mime.go:171.67,173.10 1 0
github.com/siyul-park/uniflow/plugin/pkg/networkx/mime.go:179.4,179.14 1 1
github.com/siyul-park/uniflow/plugin/pkg/networkx/mime.go:182.3,182.42 1 1
github.com/siyul-park/uniflow/plugin/pkg/networkx/mime.go:182.42,183.33 1 1
github.com/siyul-park/uniflow/plugin/pkg/networkx/mime.go:183.33,186.44 2 2
github.com/siyul-park/uniflow/plugin/pkg/networkx/mime.go:186.44,188.6 1 1
github.com/siyul-park/uniflow/plugin/pkg/networkx/mime.go:188.11,188.50 1 1
github.com/siyul-park/uniflow/plugin/pkg/networkx/mime.go:188.50,190.6 1 1
github.com/siyul-park/uniflow/plugin/pkg/networkx/mime.go:190.11,192.6 1 0
github.com/siyul-park/uniflow/plugin/pkg/networkx/mime.go:196.3,196.36 1 1
github.com/siyul-park/uniflow/plugin/pkg/networkx/mime.go:196.36,198.4 1 0
github.com/siyul-park/uniflow/plugin/pkg/networkx/mime.go:199.3,199.33 1 1
github.com/siyul-park/uniflow/plugin/pkg/networkx/mime.go:202.2,202.60 1 0
github.com/siyul-park/uniflow/plugin/pkg/networkx/mime.go:206.71,207.20 1 8
github.com/siyul-park/uniflow/plugin/pkg/networkx/mime.go:207.20,209.3 1 3
github.com/siyul-park/uniflow/plugin/pkg/networkx/mime.go:211.2,211.16 1 5
github.com/siyul-park/uniflow/plugin/pkg/networkx/mime.go:211.16,214.3 2 0
github.com/siyul-park/uniflow/plugin/pkg/networkx/mime.go:215.2,215.16 1 5
github.com/siyul-park/uniflow/plugin/pkg/networkx/mime.go:215.16,217.3 1 0
github.com/siyul-park/uniflow/plugin/pkg/networkx/mime.go:219.2,220.16 2 5
github.com/siyul-park/uniflow/plugin/pkg/networkx/mime.go:220.16,221.21 1 0
github.com/siyul-park/uniflow/plugin/pkg/networkx/mime.go:221.21,223.4 1 0
github.com/siyul-park/uniflow/plugin/pkg/networkx/mime.go:224.3,224.61 1 0
github.com/siyul-park/uniflow/plugin/pkg/networkx/mime.go:227.2,227.19 1 5
github.com/siyul-park/uniflow/plugin/pkg/networkx/mime.go:228.23,230.50 2 1
github.com/siyul-park/uniflow/plugin/pkg/networkx/mime.go:230.50,232.4 1 0
github.com/siyul-park/uniflow/plugin/pkg/networkx/mime.go:233.3,233.34 1 1
github.com/siyul-park/uniflow/plugin/pkg/networkx/mime.go:234.31,236.49 2 0
github.com/siyul-park/uniflow/plugin/pkg/networkx/mime.go:236.49,238.4 1 0
github.com/siyul-park/uniflow/plugin/pkg/networkx/mime.go:239.3,239.34 1 0
github.com/siyul-park/uniflow/plugin/pkg/networkx/mime.go:240.23,242.17 2 1
github.com/siyul-park/uniflow/plugin/pkg/networkx/mime.go:242.17,244.4 1 0
github.com/siyul-park/uniflow/plugin/pkg/networkx/mime.go:245.3,245.34 1 1
github.com/siyul-park/uniflow/plugin/pkg/networkx/mime.go:246.17,247.48 1 1
github.com/siyul-park/uniflow/plugin/pkg/networkx/mime.go:248.21,251.17 3 1
github.com/siyul-park/uniflow/plugin/pkg/networkx/mime.go:251.17,253.4 1 0
github.com/siyul-park/uniflow/plugin/pkg/networkx/mime.go:254.3,257.36 3 1
github.com/siyul-park/uniflow/plugin/pkg/networkx/mime.go:257.36,258.27 1 0
github.com/siyul-park/uniflow/plugin/pkg/networkx/mime.go:258.27,260.19 2 0
github.com/siyul-park/uniflow/plugin/pkg/networkx/mime.go:260.19,262.6 1 0
github.com/siyul-park/uniflow/plugin/pkg/networkx/mime.go:263.5,264.19 2 0
github.com/siyul-park/uniflow/plugin/pkg/networkx/mime.go:264.19,266.6 1 0
github.com/siyul-park/uniflow/plugin/pkg/networkx/mime.go:268.5,273.7 1 0
github.com/siyul-park/uniflow/plugin/pkg/networkx/mime.go:277.3,280.5 1 1
github.com/siyul-park/uniflow/plugin/pkg/networkx/mime.go:281.19,282.40 1 1
github.com/siyul-park/uniflow/plugin/pkg/networkx/mime.go:283.10,284.40 1 0
github.com/siyul-park/uniflow/plugin/pkg/networkx/mime.go:288.39,291.16 3 0
github.com/siyul-park/uniflow/plugin/pkg/networkx/mime.go:291.16,292.13 1 0
github.com/siyul-park/uniflow/plugin/pkg/networkx/mime.go:294.2,294.34 1 0
github.com/siyul-park/uniflow/plugin/pkg/networkx/proxy.go:38.54,40.16 2 2
github.com/siyul-park/uniflow/plugin/pkg/networkx/proxy.go:40.16,42.3 1 0
github.com/siyul-park/uniflow/plugin/pkg/networkx/proxy.go:44.2,47.15 3 2
github.com/siyul-park/uniflow/plugin/pkg/networkx/proxy.go:50.106,52.12 2 1
github.com/siyul-park/uniflow/plugin/pkg/networkx/proxy.go:52.12,55.3 2 1
github.com/siyul-park/uniflow/plugin/pkg/networkx/proxy.go:57.2,58.73 2 1
github.com/siyul-park/uniflow/plugin/pkg/networkx/proxy.go:58.73,60.3 1 0
github.com/siyul-park/uniflow/plugin/pkg/networkx/proxy.go:62.2,63.16 2 1
github.com/siyul-park/uniflow/plugin/pkg/networkx/proxy.go:63.16,65.3 1 0
github.com/siyul-park/uniflow/plugin/pkg/networkx/proxy.go:66.2,69.84 3 1
github.com/siyul-park/uniflow/plugin/pkg/networkx/proxy.go:69.84,71.3 1 0
github.com/siyul-park/uniflow/plugin/pkg/networkx/proxy.go:73.2,74.16 2 1
github.com/siyul-park/uniflow/plugin/pkg/networkx/proxy.go:74.16,76.3 1 0
github.com/siyul-park/uniflow/plugin/pkg/networkx/proxy.go:78.2,79.16 2 1
github.com/siyul-park/uniflow/plugin/pkg/networkx/proxy.go:79.16,81.3 1 0
github.com/siyul-park/uniflow/plugin/pkg/networkx/proxy.go:83.2,89.78 6 1
github.com/siyul-park/uniflow/plugin/pkg/networkx/proxy.go:89.78,91.3 1 0
github.com/siyul-park/uniflow/plugin/pkg/networkx/proxy.go:91.8,93.3 1 1
github.com/siyul-park/uniflow/plugin/pkg/networkx/proxy.go:96.98,104.16 4 1
github.com/siyul-park/uniflow/plugin/pkg/networkx/proxy.go:104.16,106.3 1 0
github.com/siyul-park/uniflow/plugin/pkg/networkx/proxy.go:108.2,114.16 2 1
github.com/siyul-park/uniflow/plugin/pkg/networkx/proxy.go:114.16,116.3 1 0
github.com/siyul-park/uniflow/plugin/pkg/networkx/proxy.go:118.2,120.23 3 1
github.com/siyul-park/uniflow/plugin/pkg/networkx/proxy.go:120.23,122.3 1 1
github.com/siyul-park/uniflow/plugin/pkg/networkx/proxy.go:123.2,124.41 2 1
github.com/siyul-park/uniflow/plugin/pkg/networkx/proxy.go:124.41,126.3 1 0
github.com/siyul-park/uniflow/plugin/pkg/networkx/proxy.go:128.2,128.17 1 1
github.com/siyul-park/uniflow/plugin/pkg/networkx/proxy.go:131.86,135.16 3 1
github.com/siyul-park/uniflow/plugin/pkg/networkx/proxy.go:135.16,137.3 1 0
github.com/siyul-park/uniflow/plugin/pkg/networkx/proxy.go:139.2,140.16 2 1
github.com/siyul-park/uniflow/plugin/pkg/networkx/proxy.go:140.16,142.3 1 0
github.com/siyul-park/uniflow/plugin/pkg/networkx/proxy.go:144.2,149.8 2 1
github.com/siyul-park/uniflow/plugin/pkg/networkx/router.go:71.34,80.2 3 2
github.com/siyul-park/uniflow/plugin/pkg/networkx/router.go:83.53,87.16 3 3
github.com/siyul-park/uniflow/plugin/pkg/networkx/router.go:87.16,89.3 1 0
github.com/siyul-park/uniflow/plugin/pkg/networkx/router.go:90.2,90.20 1 3
github.com/siyul-park/uniflow/plugin/pkg/networkx/router.go:90.20,92.3 1 0
github.com/siyul-park/uniflow/plugin/pkg/networkx/router.go:94.2,96.53 2 3
github.com/siyul-park/uniflow/plugin/pkg/networkx/router.go:96.53,97.28 1 13
github.com/siyul-park/uniflow/plugin/pkg/networkx/router.go:97.28,98.34 1 3
github.com/siyul-park/uniflow/plugin/pkg/networkx/router.go:98.34,102.13 4 0
github.com/siyul-park/uniflow/plugin/pkg/networkx/router.go:104.4,107.46 3 3
github.com/siyul-park/uniflow/plugin/pkg/networkx/router.go:107.47,108.5 0 6
github.com/siyul-park/uniflow/plugin/pkg/networkx/router.go:110.4,114.21 4 3
github.com/siyul-park/uniflow/plugin/pkg/networkx/router.go:114.21,116.5 1 1
github.com/siyul-park/uniflow/plugin/pkg/networkx/router.go:116.10,118.5 1 2
github.com/siyul-park/uniflow/plugin/pkg/networkx/router.go:119.9,119.33 1 10
github.com/siyul-park/uniflow/plugin/pkg/networkx/router.go:119.33,123.4 3 1
github.com/siyul-park/uniflow/plugin/pkg/networkx/router.go:126.2,126.54 1 3
github.com/siyul-park/uniflow/plugin/pkg/networkx/router.go:130.36,135.2 2 2
github.com/siyul-park/uniflow/plugin/pkg/networkx/router.go:137.109,142.9 4 3
github.com/siyul-park/uniflow/plugin/pkg/networkx/router.go:142.9,144.3 1 0
github.com/siyul-park/uniflow/plugin/pkg/networkx/router.go:145.2,146.9 2 3
github.com/siyul-park/uniflow/plugin/pkg/networkx/router.go:146.9,148.3 1 0
github.com/siyul-park/uniflow/plugin/pkg/networkx/router.go:149.2,150.9 2 3
github.com/siyul-park/uniflow/plugin/pkg/networkx/router.go:150.9,152.3 1 0
github.com/siyul-park/uniflow/plugin/pkg/networkx/router.go:154.2,156.16 2 3
github.com/siyul-park/uniflow/plugin/pkg/networkx/router.go:156.16,159.28 3 3
github.com/siyul-park/uniflow/plugin/pkg/networkx/router.go:159.28,162.4 2 4
github.com/siyul-park/uniflow/plugin/pkg/networkx/router.go:164.3,164.50 1 3
github.com/siyul-park/uniflow/plugin/pkg/networkx/router.go:164.50,171.4 5 3
github.com/siyul-park/uniflow/plugin/pkg/networkx/router.go:172.8,172.23 1 0
github.com/siyul-park/uniflow/plugin/pkg/networkx/router.go:172.23,175.30 3 0
github.com/siyul-park/uniflow/plugin/pkg/networkx/router.go:175.30,176.31 1 0
github.com/siyul-park/uniflow/plugin/pkg/networkx/router.go:176.31,177.13 1 0
github.com/siyul-park/uniflow/plugin/pkg/networkx/router.go:179.4,180.22 2 0
github.com/siyul-park/uniflow/plugin/pkg/networkx/router.go:183.3,187.35 2 0
github.com/siyul-park/uniflow/plugin/pkg/networkx/router.go:187.35,193.4 2 0
github.com/siyul-park/uniflow/plugin/pkg/networkx/router.go:193.9,200.4 2 0
github.com/siyul-park/uniflow/plugin/pkg/networkx/router.go:203.2,204.36 2 0
github.com/siyul-park/uniflow/plugin/pkg/networkx/router.go:207.100,211.6 3 11
github.com/siyul-park/uniflow/plugin/pkg/networkx/router.go:211.6,218.22 5 21
github.com/siyul-park/uniflow/plugin/pkg/networkx/router.go:218.22,220.4 1 1
github.com/siyul-park/uniflow/plugin/pkg/networkx/router.go:221.3,221.81 1 21
github.com/siyul-park/uniflow/plugin/pkg/networkx/router.go:221.82,222.4 0 20
github.com/siyul-park/uniflow/plugin/pkg/networkx/router.go:224.3,224.18 1 21
github.com/siyul-park/uniflow/plugin/pkg/networkx/router.go:224.18,227.18 2 1
github.com/siyul-park/uniflow/plugin/pkg/networkx/router.go:227.18,231.5 3 0
github.com/siyul-park/uniflow/plugin/pkg/networkx/router.go:232.9,232.32 1 20
github.com/siyul-park/uniflow/plugin/pkg/networkx/router.go:232.32,243.54 2 1
github.com/siyul-park/uniflow/plugin/pkg/networkx/router.go:243.54,245.5 1 0
github.com/siyul-park/uniflow/plugin/pkg/networkx/router.go:246.4,246.38 1 1
github.com/siyul-park/uniflow/plugin/pkg/networkx/router.go:246.38,248.5 1 0
github.com/siyul-park/uniflow/plugin/pkg/networkx/router.go:249.4,249.36 1 1
github.com/siyul-park/uniflow/plugin/pkg/networkx/router.go:249.36,251.5 1 0
github.com/siyul-park/uniflow/plugin/pkg/networkx/router.go:254.4,265.27 9 1
github.com/siyul-park/uniflow/plugin/pkg/networkx/router.go:265.27,268.19 2 1
github.com/siyul-park/uniflow/plugin/pkg/networkx/router.go:268.19,271.6 2 0
github.com/siyul-park/uniflow/plugin/pkg/networkx/router.go:272.10,280.19 2 0
github.com/siyul-park/uniflow/plugin/pkg/networkx/router.go:280.19,283.6 2 0
github.com/siyul-park/uniflow/plugin/pkg/networkx/router.go:285.5,285.35 1 0
github.com/siyul-park/uniflow/plugin/pkg/networkx/router.go:287.9,287.32 1 19
github.com/siyul-park/uniflow/plugin/pkg/networkx/router.go:287.32,290.16 3 14
github.com/siyul-park/uniflow/plugin/pkg/networkx/router.go:290.16,293.13 2 10
github.com/siyul-park/uniflow/plugin/pkg/networkx/router.go:296.4,302.18 2 4
github.com/siyul-park/uniflow/plugin/pkg/networkx/router.go:302.18,305.5 2 3
github.com/siyul-park/uniflow/plugin/pkg/networkx/router.go:307.4,307.16 1 4
github.com/siyul-park/uniflow/plugin/pkg/networkx/router.go:308.20,309.35 1 1
github.com/siyul-park/uniflow/plugin/pkg/networkx/router.go:310.19,311.32 1 2
github.com/siyul-park/uniflow/plugin/pkg/networkx/router.go:312.17,313.30 1 1
github.com/siyul-park/uniflow/plugin/pkg/networkx/router.go:315.9,317.18 1 5
github.com/siyul-park/uniflow/plugin/pkg/networkx/router.go:317.18,320.5 2 2
github.com/siyul-park/uniflow/plugin/pkg/networkx/router.go:322.3,322.9 1 11
github.com/siyul-park/uniflow/plugin/pkg/networkx/router.go:326.75,340.92 5 3
github.com/siyul-park/uniflow/plugin/pkg/networkx/router.go:340.92,346.31 4 2
github.com/siyul-park/uniflow/plugin/pkg/networkx/router.go:346.31,348.4 1 0
github.com/siyul-park/uniflow/plugin/pkg/networkx/router.go:348.9,350.4 1 2
github.com/siyul-park/uniflow/plugin/pkg/networkx/router.go:352.3,352.29 1 2
github.com/siyul-park/uniflow/plugin/pkg/networkx/router.go:352.29,355.4 1 0
github.com/siyul-park/uniflow/plugin/pkg/networkx/router.go:358.3,358.34 1 2
github.com/siyul-park/uniflow/plugin/pkg/networkx/router.go:358.34,360.4 1 1
github.com/siyul-park/uniflow/plugin/pkg/networkx/router.go:360.9,360.34 1 1
github.com/siyul-park/uniflow/plugin/pkg/networkx/router.go:360.34,363.4 2 1
github.com/siyul-park/uniflow/plugin/pkg/networkx/router.go:364.3,365.9 2 2
github.com/siyul-park/uniflow/plugin/pkg/networkx/router.go:368.2,368.6 1 3
github.com/siyul-park/uniflow/plugin/pkg/networkx/router.go:368.6,372.38 3 11
github.com/siyul-park/uniflow/plugin/pkg/networkx/router.go:372.38,378.23 4 7
github.com/siyul-park/uniflow/plugin/pkg/networkx/router.go:378.23,380.5 1 0
github.com/siyul-park/uniflow/plugin/pkg/networkx/router.go:381.4,381.82 1 7
github.com/siyul-park/uniflow/plugin/pkg/networkx/router.go:381.83,382.5 0 17
github.com/siyul-park/uniflow/plugin/pkg/networkx/router.go:385.3,385.26 1 11
github.com/siyul-park/uniflow/plugin/pkg/networkx/router.go:385.26,388.11 2 0
github.com/siyul-park/uniflow/plugin/pkg/networkx/router.go:388.11,390.5 1 0
github.com/siyul-park/uniflow/plugin/pkg/networkx/router.go:390.10,390.30 1 0
github.com/siyul-park/uniflow/plugin/pkg/networkx/router.go:390.30,391.15 1 0
github.com/siyul-park/uniflow/plugin/pkg/networkx/router.go:392.10,394.10 1 0
github.com/siyul-park/uniflow/plugin/pkg/networkx/router.go:399.3,403.19 3 11
github.com/siyul-park/uniflow/plugin/pkg/networkx/router.go:403.19,404.30 1 3
github.com/siyul-park/uniflow/plugin/pkg/networkx/router.go:404.30,405.38 1 2
github.com/siyul-park/uniflow/plugin/pkg/networkx/router.go:405.38,407.6 1 2
github.com/siyul-park/uniflow/plugin/pkg/networkx/router.go:408.5,408.50 1 2
github.com/siyul-park/uniflow/plugin/pkg/networkx/router.go:408.50,410.11 2 2
github.com/siyul-park/uniflow/plugin/pkg/networkx/router.go:416.3,416.19 1 9
github.com/siyul-park/uniflow/plugin/pkg/networkx/router.go:416.19,417.70 1 8
github.com/siyul-park/uniflow/plugin/pkg/networkx/router.go:417.70,419.13 2 4
github.com/siyul-park/uniflow/plugin/pkg/networkx/router.go:425.3,425.69 1 6
github.com/siyul-park/uniflow/plugin/pkg/networkx/router.go:425.69,429.29 4 4
github.com/siyul-park/uniflow/plugin/pkg/networkx/router.go:429.29,433.5 1 1
github.com/siyul-park/uniflow/plugin/pkg/networkx/router.go:433.10,434.42 1 3
github.com/siyul-park/uniflow/plugin/pkg/networkx/router.go:434.43,435.6 0 15
github.com/siyul-park/uniflow/plugin/pkg/networkx/router.go:438.4,441.12 4 4
github.com/siyul-park/uniflow/plugin/pkg/networkx/router.go:446.3,446.51 1 3
github.com/siyul-park/uniflow/plugin/pkg/networkx/router.go:446.51,455.49 5 1
github.com/siyul-park/uniflow/plugin/pkg/networkx/router.go:455.49,457.10 2 1
github.com/siyul-park/uniflow/plugin/pkg/networkx/router.go:459.4,459.37 1 0
github.com/siyul-park/uniflow/plugin/pkg/networkx/router.go:459.37,461.5 1 0
github.com/siyul-park/uniflow/plugin/pkg/networkx/router.go:465.3,466.10 2 2
github.com/siyul-park/uniflow/plugin/pkg/networkx/router.go:466.10,467.9 1 0
github.com/siyul-park/uniflow/plugin/pkg/networkx/router.go:468.9,468.29 1 2
github.com/siyul-park/uniflow/plugin/pkg/networkx/router.go:468.29,469.14 1 1
github.com/siyul-park/uniflow/plugin/pkg/networkx/router.go:470.9,470.27 1 1
github.com/siyul-park/uniflow/plugin/pkg/networkx/router.go:470.27,471.12 1 1
github.com/siyul-park/uniflow/plugin/pkg/networkx/router.go:472.9,474.9 1 0
github.com/siyul-park/uniflow/plugin/pkg/networkx/router.go:478.2,478.60 1 3
github.com/siyul-park/uniflow/plugin/pkg/networkx/router.go:481.42,483.2 1 2
github.com/siyul-park/uniflow/plugin/pkg/networkx/router.go:485.51,486.41 1 14
github.com/siyul-park/uniflow/plugin/pkg/networkx/router.go:486.41,488.3 1 3
github.com/siyul-park/uniflow/plugin/pkg/networkx/router.go:489.2,489.21 1 11
github.com/siyul-park/uniflow/plugin/pkg/networkx/router.go:489.21,491.3 1 8
github.com/siyul-park/uniflow/plugin/pkg/networkx/router.go:492.2,492.19 1 3
github.com/siyul-park/uniflow/plugin/pkg/networkx/router.go:492.19,494.3 1 2
github.com/siyul-park/uniflow/plugin/pkg/networkx/router.go:495.2,495.12 1 1
github.com/siyul-park/uniflow/plugin/pkg/networkx/router.go:498.48,499.37 1 22
github.com/siyul-park/uniflow/plugin/pkg/networkx/router.go:499.37,500.21 1 9
github.com/siyul-park/uniflow/plugin/pkg/networkx/router.go:500.21,502.4 1 7
github.com/siyul-park/uniflow/plugin/pkg/networkx/router.go:504.2,504.12 1 15
github.com/siyul-park/uniflow/plugin/pkg/networkx/router.go:507.31,509.2 1 4
github.com/siyul-park/uniflow/plugin/pkg/networkx/router.go:511.32,513.2 1 3
github.com/siyul-park/uniflow/plugin/pkg/networkx/router.go:515.30,517.2 1 9
